ERROR - 2024-03-18 02:02:56 --> Query error: Table 'lms.ci_sessions' doesn't exist - Invalid query: SELECT `data`
FROM `ci_sessions`
WHERE `id` = 'nuh6eelkpmk26rp1qheaff0augm68gfs'
ERROR - 2024-03-18 03:03:27 --> {controllers/session/login} Invalid login id or password for user=fadzrul
ERROR - 2024-03-18 03:11:06 --> {controllers/session/login} Invalid login id or password for user=hradmin
ERROR - 2024-03-18 03:12:43 --> User #2 has been disabled by user #1
ERROR - 2024-03-18 03:12:44 --> User #3 has been disabled by user #1
ERROR - 2024-03-18 03:12:52 --> {controllers/session/login} Invalid login id or password for user=hradmin
ERROR - 2024-03-18 03:13:02 --> {controllers/session/login} Invalid login id or password for user=hradmin
ERROR - 2024-03-18 03:13:17 --> {controllers/session/login} Invalid login id or password for user=hadmin
ERROR - 2024-03-18 03:13:22 --> {controllers/session/login} Invalid login id or password for user=hadmin
ERROR - 2024-03-18 03:13:33 --> {controllers/session/login} Invalid login id or password for user=nuser
ERROR - 2024-03-18 03:13:43 --> {controllers/session/login} Invalid login id or password for user=hr@email.com
ERROR - 2024-03-18 03:14:16 --> {controllers/session/login} Invalid login id or password for user=hr@email.com
ERROR - 2024-03-18 03:14:20 --> User #2 has been enabled by user #1
ERROR - 2024-03-18 03:14:21 --> User #3 has been enabled by user #1
ERROR - 2024-03-18 03:14:29 --> {controllers/session/login} Invalid login id or password for user=hr@email.com
ERROR - 2024-03-18 03:14:43 --> {controllers/session/login} Invalid login id or password for user=user@email.com
ERROR - 2024-03-18 03:15:25 --> {controllers/session/login} Invalid login id or password for user=daniel.fadzrul@gmail.com
ERROR - 2024-03-18 03:18:50 --> {controllers/session/login} Invalid login id or password for user=daniel.fadzrul@gmail.com
