ERROR - 2024-03-19 01:50:46 --> {controllers/pages/view} Not found=C:\xampp\htdocs\SKG-LMS\application\views/pages/fr/home.php
ERROR - 2024-03-19 01:50:46 --> {controllers/pages/view} Not found=C:\xampp\htdocs\SKG-LMS\application\views/pages/fr/notfound.php
ERROR - 2024-03-19 01:50:46 --> {controllers/pages/view} Not found=C:\xampp\htdocs\SKG-LMS\application\views/pages/fr/notfound.php
ERROR - 2024-03-19 01:50:46 --> {controllers/pages/view} Not found=C:\xampp\htdocs\SKG-LMS\application\views/pages/fr/notfound.php
ERROR - 2024-03-19 01:50:46 --> {controllers/pages/view} Not found=C:\xampp\htdocs\SKG-LMS\application\views/pages/fr/notfound.php
ERROR - 2024-03-19 01:50:46 --> {controllers/pages/view} Not found=C:\xampp\htdocs\SKG-LMS\application\views/pages/fr/notfound.php
ERROR - 2024-03-19 01:50:46 --> {controllers/pages/view} Not found=C:\xampp\htdocs\SKG-LMS\application\views/pages/fr/notfound.php
ERROR - 2024-03-19 01:50:46 --> {controllers/pages/view} Not found=C:\xampp\htdocs\SKG-LMS\application\views/pages/fr/notfound.php
ERROR - 2024-03-19 01:50:46 --> {controllers/pages/view} Not found=C:\xampp\htdocs\SKG-LMS\application\views/pages/fr/notfound.php
ERROR - 2024-03-19 01:50:46 --> {controllers/pages/view} Not found=C:\xampp\htdocs\SKG-LMS\application\views/pages/fr/notfound.php
ERROR - 2024-03-19 01:50:46 --> {controllers/pages/view} Not found=C:\xampp\htdocs\SKG-LMS\application\views/pages/fr/notfound.php
ERROR - 2024-03-19 01:50:47 --> {controllers/pages/view} Not found=C:\xampp\htdocs\SKG-LMS\application\views/pages/fr/notfound.php
ERROR - 2024-03-19 01:50:47 --> {controllers/pages/view} Not found=C:\xampp\htdocs\SKG-LMS\application\views/pages/fr/notfound.php
ERROR - 2024-03-19 01:50:47 --> {controllers/pages/view} Not found=C:\xampp\htdocs\SKG-LMS\application\views/pages/fr/notfound.php
ERROR - 2024-03-19 01:50:47 --> {controllers/pages/view} Not found=C:\xampp\htdocs\SKG-LMS\application\views/pages/fr/notfound.php
ERROR - 2024-03-19 01:50:47 --> {controllers/pages/view} Not found=C:\xampp\htdocs\SKG-LMS\application\views/pages/fr/notfound.php
ERROR - 2024-03-19 01:50:47 --> {controllers/pages/view} Not found=C:\xampp\htdocs\SKG-LMS\application\views/pages/fr/notfound.php
ERROR - 2024-03-19 01:50:47 --> {controllers/pages/view} Not found=C:\xampp\htdocs\SKG-LMS\application\views/pages/fr/notfound.php
ERROR - 2024-03-19 01:50:47 --> {controllers/pages/view} Not found=C:\xampp\htdocs\SKG-LMS\application\views/pages/fr/notfound.php
ERROR - 2024-03-19 01:50:47 --> {controllers/pages/view} Not found=C:\xampp\htdocs\SKG-LMS\application\views/pages/fr/notfound.php
ERROR - 2024-03-19 01:50:48 --> {controllers/pages/view} Not found=C:\xampp\htdocs\SKG-LMS\application\views/pages/fr/notfound.php
ERROR - 2024-03-19 01:50:48 --> {controllers/pages/view} Not found=C:\xampp\htdocs\SKG-LMS\application\views/pages/fr/notfound.php
ERROR - 2024-03-19 01:50:48 --> {controllers/pages/view} Not found=C:\xampp\htdocs\SKG-LMS\application\views/pages/fr/notfound.php
ERROR - 2024-03-19 01:50:48 --> {controllers/pages/view} Not found=C:\xampp\htdocs\SKG-LMS\application\views/pages/fr/notfound.php
ERROR - 2024-03-19 01:50:48 --> {controllers/pages/view} Not found=C:\xampp\htdocs\SKG-LMS\application\views/pages/fr/notfound.php
ERROR - 2024-03-19 01:50:49 --> {controllers/pages/view} Not found=C:\xampp\htdocs\SKG-LMS\application\views/pages/fr/notfound.php
ERROR - 2024-03-19 01:50:49 --> {controllers/pages/view} Not found=C:\xampp\htdocs\SKG-LMS\application\views/pages/fr/notfound.php
ERROR - 2024-03-19 01:50:49 --> {controllers/pages/view} Not found=C:\xampp\htdocs\SKG-LMS\application\views/pages/fr/notfound.php
ERROR - 2024-03-19 01:50:49 --> {controllers/pages/view} Not found=C:\xampp\htdocs\SKG-LMS\application\views/pages/fr/notfound.php
ERROR - 2024-03-19 01:50:49 --> {controllers/pages/view} Not found=C:\xampp\htdocs\SKG-LMS\application\views/pages/fr/notfound.php
ERROR - 2024-03-19 01:50:49 --> {controllers/pages/view} Not found=C:\xampp\htdocs\SKG-LMS\application\views/pages/fr/notfound.php
ERROR - 2024-03-19 01:50:49 --> {controllers/pages/view} Not found=C:\xampp\htdocs\SKG-LMS\application\views/pages/fr/notfound.php
ERROR - 2024-03-19 01:50:49 --> {controllers/pages/view} Not found=C:\xampp\htdocs\SKG-LMS\application\views/pages/fr/notfound.php
ERROR - 2024-03-19 01:50:49 --> {controllers/pages/view} Not found=C:\xampp\htdocs\SKG-LMS\application\views/pages/fr/notfound.php
ERROR - 2024-03-19 01:50:49 --> {controllers/pages/view} Not found=C:\xampp\htdocs\SKG-LMS\application\views/pages/fr/notfound.php
ERROR - 2024-03-19 01:50:49 --> {controllers/pages/view} Not found=C:\xampp\htdocs\SKG-LMS\application\views/pages/fr/notfound.php
ERROR - 2024-03-19 01:50:49 --> {controllers/pages/view} Not found=C:\xampp\htdocs\SKG-LMS\application\views/pages/fr/notfound.php
ERROR - 2024-03-19 01:50:49 --> {controllers/pages/view} Not found=C:\xampp\htdocs\SKG-LMS\application\views/pages/fr/notfound.php
ERROR - 2024-03-19 01:50:49 --> {controllers/pages/view} Not found=C:\xampp\htdocs\SKG-LMS\application\views/pages/fr/notfound.php
ERROR - 2024-03-19 01:50:49 --> {controllers/pages/view} Not found=C:\xampp\htdocs\SKG-LMS\application\views/pages/fr/notfound.php
ERROR - 2024-03-19 02:27:24 --> {controllers/pages/view} Not found=C:\xampp\htdocs\SKG-LMS\application\views/pages/ca/home.php
ERROR - 2024-03-19 02:27:24 --> {controllers/pages/view} Not found=C:\xampp\htdocs\SKG-LMS\application\views/pages/ca/notfound.php
ERROR - 2024-03-19 02:27:24 --> {controllers/pages/view} Not found=C:\xampp\htdocs\SKG-LMS\application\views/pages/ca/notfound.php
ERROR - 2024-03-19 02:27:24 --> {controllers/pages/view} Not found=C:\xampp\htdocs\SKG-LMS\application\views/pages/ca/notfound.php
ERROR - 2024-03-19 02:27:24 --> {controllers/pages/view} Not found=C:\xampp\htdocs\SKG-LMS\application\views/pages/ca/notfound.php
ERROR - 2024-03-19 02:27:24 --> {controllers/pages/view} Not found=C:\xampp\htdocs\SKG-LMS\application\views/pages/ca/notfound.php
ERROR - 2024-03-19 02:27:24 --> {controllers/pages/view} Not found=C:\xampp\htdocs\SKG-LMS\application\views/pages/ca/notfound.php
ERROR - 2024-03-19 02:27:24 --> {controllers/pages/view} Not found=C:\xampp\htdocs\SKG-LMS\application\views/pages/ca/notfound.php
ERROR - 2024-03-19 02:27:24 --> {controllers/pages/view} Not found=C:\xampp\htdocs\SKG-LMS\application\views/pages/ca/notfound.php
ERROR - 2024-03-19 02:27:24 --> {controllers/pages/view} Not found=C:\xampp\htdocs\SKG-LMS\application\views/pages/ca/notfound.php
ERROR - 2024-03-19 02:27:24 --> {controllers/pages/view} Not found=C:\xampp\htdocs\SKG-LMS\application\views/pages/ca/notfound.php
ERROR - 2024-03-19 02:27:24 --> {controllers/pages/view} Not found=C:\xampp\htdocs\SKG-LMS\application\views/pages/ca/notfound.php
ERROR - 2024-03-19 02:27:25 --> {controllers/pages/view} Not found=C:\xampp\htdocs\SKG-LMS\application\views/pages/ca/notfound.php
ERROR - 2024-03-19 02:27:25 --> {controllers/pages/view} Not found=C:\xampp\htdocs\SKG-LMS\application\views/pages/ca/notfound.php
ERROR - 2024-03-19 02:27:25 --> {controllers/pages/view} Not found=C:\xampp\htdocs\SKG-LMS\application\views/pages/ca/notfound.php
ERROR - 2024-03-19 02:27:25 --> {controllers/pages/view} Not found=C:\xampp\htdocs\SKG-LMS\application\views/pages/ca/notfound.php
ERROR - 2024-03-19 02:27:25 --> {controllers/pages/view} Not found=C:\xampp\htdocs\SKG-LMS\application\views/pages/ca/notfound.php
ERROR - 2024-03-19 02:27:25 --> {controllers/pages/view} Not found=C:\xampp\htdocs\SKG-LMS\application\views/pages/ca/notfound.php
ERROR - 2024-03-19 02:27:25 --> {controllers/pages/view} Not found=C:\xampp\htdocs\SKG-LMS\application\views/pages/ca/notfound.php
ERROR - 2024-03-19 02:27:25 --> {controllers/pages/view} Not found=C:\xampp\htdocs\SKG-LMS\application\views/pages/ca/notfound.php
ERROR - 2024-03-19 02:27:26 --> {controllers/pages/view} Not found=C:\xampp\htdocs\SKG-LMS\application\views/pages/ca/notfound.php
ERROR - 2024-03-19 02:27:26 --> {controllers/pages/view} Not found=C:\xampp\htdocs\SKG-LMS\application\views/pages/ca/notfound.php
ERROR - 2024-03-19 02:27:26 --> {controllers/pages/view} Not found=C:\xampp\htdocs\SKG-LMS\application\views/pages/ca/notfound.php
ERROR - 2024-03-19 02:27:26 --> {controllers/pages/view} Not found=C:\xampp\htdocs\SKG-LMS\application\views/pages/ca/notfound.php
ERROR - 2024-03-19 02:27:26 --> {controllers/pages/view} Not found=C:\xampp\htdocs\SKG-LMS\application\views/pages/ca/notfound.php
ERROR - 2024-03-19 02:27:27 --> {controllers/pages/view} Not found=C:\xampp\htdocs\SKG-LMS\application\views/pages/ca/notfound.php
ERROR - 2024-03-19 02:27:27 --> {controllers/pages/view} Not found=C:\xampp\htdocs\SKG-LMS\application\views/pages/ca/notfound.php
ERROR - 2024-03-19 02:27:27 --> {controllers/pages/view} Not found=C:\xampp\htdocs\SKG-LMS\application\views/pages/ca/notfound.php
ERROR - 2024-03-19 02:27:27 --> {controllers/pages/view} Not found=C:\xampp\htdocs\SKG-LMS\application\views/pages/ca/notfound.php
ERROR - 2024-03-19 02:27:27 --> {controllers/pages/view} Not found=C:\xampp\htdocs\SKG-LMS\application\views/pages/ca/notfound.php
ERROR - 2024-03-19 02:27:27 --> {controllers/pages/view} Not found=C:\xampp\htdocs\SKG-LMS\application\views/pages/ca/notfound.php
ERROR - 2024-03-19 02:27:27 --> {controllers/pages/view} Not found=C:\xampp\htdocs\SKG-LMS\application\views/pages/ca/notfound.php
ERROR - 2024-03-19 02:27:27 --> {controllers/pages/view} Not found=C:\xampp\htdocs\SKG-LMS\application\views/pages/ca/notfound.php
ERROR - 2024-03-19 02:27:27 --> {controllers/pages/view} Not found=C:\xampp\htdocs\SKG-LMS\application\views/pages/ca/notfound.php
ERROR - 2024-03-19 02:27:27 --> {controllers/pages/view} Not found=C:\xampp\htdocs\SKG-LMS\application\views/pages/ca/notfound.php
ERROR - 2024-03-19 02:27:27 --> {controllers/pages/view} Not found=C:\xampp\htdocs\SKG-LMS\application\views/pages/ca/notfound.php
ERROR - 2024-03-19 02:27:27 --> {controllers/pages/view} Not found=C:\xampp\htdocs\SKG-LMS\application\views/pages/ca/notfound.php
ERROR - 2024-03-19 02:27:27 --> {controllers/pages/view} Not found=C:\xampp\htdocs\SKG-LMS\application\views/pages/ca/notfound.php
ERROR - 2024-03-19 02:27:27 --> {controllers/pages/view} Not found=C:\xampp\htdocs\SKG-LMS\application\views/pages/ca/notfound.php
ERROR - 2024-03-19 02:27:28 --> {controllers/pages/view} Not found=C:\xampp\htdocs\SKG-LMS\application\views/pages/ca/notfound.php
ERROR - 2024-03-19 02:27:32 --> {controllers/pages/view} Not found=C:\xampp\htdocs\SKG-LMS\application\views/pages/ca/home.php
ERROR - 2024-03-19 02:27:32 --> {controllers/pages/view} Not found=C:\xampp\htdocs\SKG-LMS\application\views/pages/ca/notfound.php
ERROR - 2024-03-19 02:27:33 --> {controllers/pages/view} Not found=C:\xampp\htdocs\SKG-LMS\application\views/pages/ca/notfound.php
ERROR - 2024-03-19 02:27:33 --> {controllers/pages/view} Not found=C:\xampp\htdocs\SKG-LMS\application\views/pages/ca/notfound.php
ERROR - 2024-03-19 02:27:33 --> {controllers/pages/view} Not found=C:\xampp\htdocs\SKG-LMS\application\views/pages/ca/notfound.php
ERROR - 2024-03-19 02:27:33 --> {controllers/pages/view} Not found=C:\xampp\htdocs\SKG-LMS\application\views/pages/ca/notfound.php
ERROR - 2024-03-19 02:27:33 --> {controllers/pages/view} Not found=C:\xampp\htdocs\SKG-LMS\application\views/pages/ca/notfound.php
ERROR - 2024-03-19 02:27:33 --> {controllers/pages/view} Not found=C:\xampp\htdocs\SKG-LMS\application\views/pages/ca/notfound.php
ERROR - 2024-03-19 02:27:33 --> {controllers/pages/view} Not found=C:\xampp\htdocs\SKG-LMS\application\views/pages/ca/notfound.php
ERROR - 2024-03-19 02:27:33 --> {controllers/pages/view} Not found=C:\xampp\htdocs\SKG-LMS\application\views/pages/ca/notfound.php
ERROR - 2024-03-19 02:27:33 --> {controllers/pages/view} Not found=C:\xampp\htdocs\SKG-LMS\application\views/pages/ca/notfound.php
ERROR - 2024-03-19 02:27:33 --> {controllers/pages/view} Not found=C:\xampp\htdocs\SKG-LMS\application\views/pages/ca/notfound.php
ERROR - 2024-03-19 02:27:33 --> {controllers/pages/view} Not found=C:\xampp\htdocs\SKG-LMS\application\views/pages/ca/notfound.php
ERROR - 2024-03-19 02:27:33 --> {controllers/pages/view} Not found=C:\xampp\htdocs\SKG-LMS\application\views/pages/ca/notfound.php
ERROR - 2024-03-19 02:27:33 --> {controllers/pages/view} Not found=C:\xampp\htdocs\SKG-LMS\application\views/pages/ca/notfound.php
ERROR - 2024-03-19 02:27:33 --> {controllers/pages/view} Not found=C:\xampp\htdocs\SKG-LMS\application\views/pages/ca/notfound.php
ERROR - 2024-03-19 02:27:34 --> {controllers/pages/view} Not found=C:\xampp\htdocs\SKG-LMS\application\views/pages/ca/notfound.php
ERROR - 2024-03-19 02:27:34 --> {controllers/pages/view} Not found=C:\xampp\htdocs\SKG-LMS\application\views/pages/ca/notfound.php
ERROR - 2024-03-19 02:27:34 --> {controllers/pages/view} Not found=C:\xampp\htdocs\SKG-LMS\application\views/pages/ca/notfound.php
ERROR - 2024-03-19 02:27:34 --> {controllers/pages/view} Not found=C:\xampp\htdocs\SKG-LMS\application\views/pages/ca/notfound.php
ERROR - 2024-03-19 02:27:35 --> {controllers/pages/view} Not found=C:\xampp\htdocs\SKG-LMS\application\views/pages/ca/notfound.php
ERROR - 2024-03-19 02:27:35 --> {controllers/pages/view} Not found=C:\xampp\htdocs\SKG-LMS\application\views/pages/ca/notfound.php
ERROR - 2024-03-19 02:27:35 --> {controllers/pages/view} Not found=C:\xampp\htdocs\SKG-LMS\application\views/pages/ca/notfound.php
ERROR - 2024-03-19 02:27:35 --> {controllers/pages/view} Not found=C:\xampp\htdocs\SKG-LMS\application\views/pages/ca/notfound.php
ERROR - 2024-03-19 02:27:35 --> {controllers/pages/view} Not found=C:\xampp\htdocs\SKG-LMS\application\views/pages/ca/notfound.php
ERROR - 2024-03-19 02:27:35 --> {controllers/pages/view} Not found=C:\xampp\htdocs\SKG-LMS\application\views/pages/ca/notfound.php
ERROR - 2024-03-19 02:27:35 --> {controllers/pages/view} Not found=C:\xampp\htdocs\SKG-LMS\application\views/pages/ca/notfound.php
ERROR - 2024-03-19 02:27:35 --> {controllers/pages/view} Not found=C:\xampp\htdocs\SKG-LMS\application\views/pages/ca/notfound.php
ERROR - 2024-03-19 02:27:35 --> {controllers/pages/view} Not found=C:\xampp\htdocs\SKG-LMS\application\views/pages/ca/notfound.php
ERROR - 2024-03-19 02:27:36 --> {controllers/pages/view} Not found=C:\xampp\htdocs\SKG-LMS\application\views/pages/ca/notfound.php
ERROR - 2024-03-19 02:27:36 --> {controllers/pages/view} Not found=C:\xampp\htdocs\SKG-LMS\application\views/pages/ca/notfound.php
ERROR - 2024-03-19 02:27:36 --> {controllers/pages/view} Not found=C:\xampp\htdocs\SKG-LMS\application\views/pages/ca/notfound.php
ERROR - 2024-03-19 02:27:36 --> {controllers/pages/view} Not found=C:\xampp\htdocs\SKG-LMS\application\views/pages/ca/notfound.php
ERROR - 2024-03-19 02:27:36 --> {controllers/pages/view} Not found=C:\xampp\htdocs\SKG-LMS\application\views/pages/ca/notfound.php
ERROR - 2024-03-19 02:27:36 --> {controllers/pages/view} Not found=C:\xampp\htdocs\SKG-LMS\application\views/pages/ca/notfound.php
ERROR - 2024-03-19 02:27:36 --> {controllers/pages/view} Not found=C:\xampp\htdocs\SKG-LMS\application\views/pages/ca/notfound.php
ERROR - 2024-03-19 02:27:36 --> {controllers/pages/view} Not found=C:\xampp\htdocs\SKG-LMS\application\views/pages/ca/notfound.php
ERROR - 2024-03-19 02:27:36 --> {controllers/pages/view} Not found=C:\xampp\htdocs\SKG-LMS\application\views/pages/ca/notfound.php
ERROR - 2024-03-19 02:27:36 --> {controllers/pages/view} Not found=C:\xampp\htdocs\SKG-LMS\application\views/pages/ca/notfound.php
ERROR - 2024-03-19 02:27:36 --> {controllers/pages/view} Not found=C:\xampp\htdocs\SKG-LMS\application\views/pages/ca/notfound.php
ERROR - 2024-03-19 03:20:51 --> {controllers/pages/view} Not found=C:\xampp\htdocs\SKG-LMS\application\views/pages/ms/home.php
ERROR - 2024-03-19 03:20:51 --> {controllers/pages/view} Not found=C:\xampp\htdocs\SKG-LMS\application\views/pages/ms/notfound.php
ERROR - 2024-03-19 03:20:51 --> {controllers/pages/view} Not found=C:\xampp\htdocs\SKG-LMS\application\views/pages/ms/notfound.php
ERROR - 2024-03-19 03:20:51 --> {controllers/pages/view} Not found=C:\xampp\htdocs\SKG-LMS\application\views/pages/ms/notfound.php
ERROR - 2024-03-19 03:20:51 --> {controllers/pages/view} Not found=C:\xampp\htdocs\SKG-LMS\application\views/pages/ms/notfound.php
ERROR - 2024-03-19 03:20:51 --> {controllers/pages/view} Not found=C:\xampp\htdocs\SKG-LMS\application\views/pages/ms/notfound.php
ERROR - 2024-03-19 03:20:51 --> {controllers/pages/view} Not found=C:\xampp\htdocs\SKG-LMS\application\views/pages/ms/notfound.php
ERROR - 2024-03-19 03:20:51 --> {controllers/pages/view} Not found=C:\xampp\htdocs\SKG-LMS\application\views/pages/ms/notfound.php
ERROR - 2024-03-19 03:20:52 --> {controllers/pages/view} Not found=C:\xampp\htdocs\SKG-LMS\application\views/pages/ms/notfound.php
ERROR - 2024-03-19 03:20:52 --> {controllers/pages/view} Not found=C:\xampp\htdocs\SKG-LMS\application\views/pages/ms/notfound.php
ERROR - 2024-03-19 03:20:52 --> {controllers/pages/view} Not found=C:\xampp\htdocs\SKG-LMS\application\views/pages/ms/notfound.php
ERROR - 2024-03-19 03:20:52 --> {controllers/pages/view} Not found=C:\xampp\htdocs\SKG-LMS\application\views/pages/ms/notfound.php
ERROR - 2024-03-19 03:20:52 --> {controllers/pages/view} Not found=C:\xampp\htdocs\SKG-LMS\application\views/pages/ms/notfound.php
ERROR - 2024-03-19 03:20:52 --> {controllers/pages/view} Not found=C:\xampp\htdocs\SKG-LMS\application\views/pages/ms/notfound.php
ERROR - 2024-03-19 03:20:52 --> {controllers/pages/view} Not found=C:\xampp\htdocs\SKG-LMS\application\views/pages/ms/notfound.php
ERROR - 2024-03-19 03:20:52 --> {controllers/pages/view} Not found=C:\xampp\htdocs\SKG-LMS\application\views/pages/ms/notfound.php
ERROR - 2024-03-19 03:20:52 --> {controllers/pages/view} Not found=C:\xampp\htdocs\SKG-LMS\application\views/pages/ms/notfound.php
ERROR - 2024-03-19 03:20:52 --> {controllers/pages/view} Not found=C:\xampp\htdocs\SKG-LMS\application\views/pages/ms/notfound.php
ERROR - 2024-03-19 03:20:52 --> {controllers/pages/view} Not found=C:\xampp\htdocs\SKG-LMS\application\views/pages/ms/notfound.php
ERROR - 2024-03-19 03:20:53 --> {controllers/pages/view} Not found=C:\xampp\htdocs\SKG-LMS\application\views/pages/ms/notfound.php
ERROR - 2024-03-19 03:20:53 --> {controllers/pages/view} Not found=C:\xampp\htdocs\SKG-LMS\application\views/pages/ms/notfound.php
ERROR - 2024-03-19 03:20:54 --> {controllers/pages/view} Not found=C:\xampp\htdocs\SKG-LMS\application\views/pages/ms/notfound.php
ERROR - 2024-03-19 03:20:54 --> {controllers/pages/view} Not found=C:\xampp\htdocs\SKG-LMS\application\views/pages/ms/notfound.php
ERROR - 2024-03-19 03:20:54 --> {controllers/pages/view} Not found=C:\xampp\htdocs\SKG-LMS\application\views/pages/ms/notfound.php
ERROR - 2024-03-19 03:20:54 --> {controllers/pages/view} Not found=C:\xampp\htdocs\SKG-LMS\application\views/pages/ms/notfound.php
ERROR - 2024-03-19 03:20:54 --> {controllers/pages/view} Not found=C:\xampp\htdocs\SKG-LMS\application\views/pages/ms/notfound.php
ERROR - 2024-03-19 03:20:54 --> {controllers/pages/view} Not found=C:\xampp\htdocs\SKG-LMS\application\views/pages/ms/notfound.php
ERROR - 2024-03-19 03:20:54 --> {controllers/pages/view} Not found=C:\xampp\htdocs\SKG-LMS\application\views/pages/ms/notfound.php
ERROR - 2024-03-19 03:20:54 --> {controllers/pages/view} Not found=C:\xampp\htdocs\SKG-LMS\application\views/pages/ms/notfound.php
ERROR - 2024-03-19 03:20:54 --> {controllers/pages/view} Not found=C:\xampp\htdocs\SKG-LMS\application\views/pages/ms/notfound.php
ERROR - 2024-03-19 03:20:54 --> {controllers/pages/view} Not found=C:\xampp\htdocs\SKG-LMS\application\views/pages/ms/notfound.php
ERROR - 2024-03-19 03:20:54 --> {controllers/pages/view} Not found=C:\xampp\htdocs\SKG-LMS\application\views/pages/ms/notfound.php
ERROR - 2024-03-19 03:20:54 --> {controllers/pages/view} Not found=C:\xampp\htdocs\SKG-LMS\application\views/pages/ms/notfound.php
ERROR - 2024-03-19 03:20:54 --> {controllers/pages/view} Not found=C:\xampp\htdocs\SKG-LMS\application\views/pages/ms/notfound.php
ERROR - 2024-03-19 03:20:54 --> {controllers/pages/view} Not found=C:\xampp\htdocs\SKG-LMS\application\views/pages/ms/notfound.php
ERROR - 2024-03-19 03:20:55 --> {controllers/pages/view} Not found=C:\xampp\htdocs\SKG-LMS\application\views/pages/ms/notfound.php
ERROR - 2024-03-19 03:20:55 --> {controllers/pages/view} Not found=C:\xampp\htdocs\SKG-LMS\application\views/pages/ms/notfound.php
ERROR - 2024-03-19 03:20:55 --> {controllers/pages/view} Not found=C:\xampp\htdocs\SKG-LMS\application\views/pages/ms/notfound.php
ERROR - 2024-03-19 03:20:55 --> {controllers/pages/view} Not found=C:\xampp\htdocs\SKG-LMS\application\views/pages/ms/notfound.php
ERROR - 2024-03-19 03:20:58 --> {controllers/pages/view} Not found=C:\xampp\htdocs\SKG-LMS\application\views/pages/ms/home.php
ERROR - 2024-03-19 03:20:58 --> {controllers/pages/view} Not found=C:\xampp\htdocs\SKG-LMS\application\views/pages/ms/notfound.php
ERROR - 2024-03-19 03:20:58 --> {controllers/pages/view} Not found=C:\xampp\htdocs\SKG-LMS\application\views/pages/ms/notfound.php
ERROR - 2024-03-19 03:20:58 --> {controllers/pages/view} Not found=C:\xampp\htdocs\SKG-LMS\application\views/pages/ms/notfound.php
ERROR - 2024-03-19 03:20:58 --> {controllers/pages/view} Not found=C:\xampp\htdocs\SKG-LMS\application\views/pages/ms/notfound.php
ERROR - 2024-03-19 03:20:58 --> {controllers/pages/view} Not found=C:\xampp\htdocs\SKG-LMS\application\views/pages/ms/notfound.php
ERROR - 2024-03-19 03:20:58 --> {controllers/pages/view} Not found=C:\xampp\htdocs\SKG-LMS\application\views/pages/ms/notfound.php
ERROR - 2024-03-19 03:20:58 --> {controllers/pages/view} Not found=C:\xampp\htdocs\SKG-LMS\application\views/pages/ms/notfound.php
ERROR - 2024-03-19 03:20:58 --> {controllers/pages/view} Not found=C:\xampp\htdocs\SKG-LMS\application\views/pages/ms/notfound.php
ERROR - 2024-03-19 03:20:58 --> {controllers/pages/view} Not found=C:\xampp\htdocs\SKG-LMS\application\views/pages/ms/notfound.php
ERROR - 2024-03-19 03:20:58 --> {controllers/pages/view} Not found=C:\xampp\htdocs\SKG-LMS\application\views/pages/ms/notfound.php
ERROR - 2024-03-19 03:20:58 --> {controllers/pages/view} Not found=C:\xampp\htdocs\SKG-LMS\application\views/pages/ms/notfound.php
ERROR - 2024-03-19 03:20:58 --> {controllers/pages/view} Not found=C:\xampp\htdocs\SKG-LMS\application\views/pages/ms/notfound.php
ERROR - 2024-03-19 03:20:58 --> {controllers/pages/view} Not found=C:\xampp\htdocs\SKG-LMS\application\views/pages/ms/notfound.php
ERROR - 2024-03-19 03:20:59 --> {controllers/pages/view} Not found=C:\xampp\htdocs\SKG-LMS\application\views/pages/ms/notfound.php
ERROR - 2024-03-19 03:20:59 --> {controllers/pages/view} Not found=C:\xampp\htdocs\SKG-LMS\application\views/pages/ms/notfound.php
ERROR - 2024-03-19 03:20:59 --> {controllers/pages/view} Not found=C:\xampp\htdocs\SKG-LMS\application\views/pages/ms/notfound.php
ERROR - 2024-03-19 03:20:59 --> {controllers/pages/view} Not found=C:\xampp\htdocs\SKG-LMS\application\views/pages/ms/notfound.php
ERROR - 2024-03-19 03:20:59 --> {controllers/pages/view} Not found=C:\xampp\htdocs\SKG-LMS\application\views/pages/ms/notfound.php
ERROR - 2024-03-19 03:21:00 --> {controllers/pages/view} Not found=C:\xampp\htdocs\SKG-LMS\application\views/pages/ms/notfound.php
ERROR - 2024-03-19 03:21:00 --> {controllers/pages/view} Not found=C:\xampp\htdocs\SKG-LMS\application\views/pages/ms/notfound.php
ERROR - 2024-03-19 03:21:00 --> {controllers/pages/view} Not found=C:\xampp\htdocs\SKG-LMS\application\views/pages/ms/notfound.php
ERROR - 2024-03-19 03:21:00 --> {controllers/pages/view} Not found=C:\xampp\htdocs\SKG-LMS\application\views/pages/ms/notfound.php
ERROR - 2024-03-19 03:21:00 --> {controllers/pages/view} Not found=C:\xampp\htdocs\SKG-LMS\application\views/pages/ms/notfound.php
ERROR - 2024-03-19 03:21:00 --> {controllers/pages/view} Not found=C:\xampp\htdocs\SKG-LMS\application\views/pages/ms/notfound.php
ERROR - 2024-03-19 03:21:00 --> {controllers/pages/view} Not found=C:\xampp\htdocs\SKG-LMS\application\views/pages/ms/notfound.php
ERROR - 2024-03-19 03:21:00 --> {controllers/pages/view} Not found=C:\xampp\htdocs\SKG-LMS\application\views/pages/ms/notfound.php
ERROR - 2024-03-19 03:21:00 --> {controllers/pages/view} Not found=C:\xampp\htdocs\SKG-LMS\application\views/pages/ms/notfound.php
ERROR - 2024-03-19 03:21:00 --> {controllers/pages/view} Not found=C:\xampp\htdocs\SKG-LMS\application\views/pages/ms/notfound.php
ERROR - 2024-03-19 03:21:28 --> {controllers/pages/view} Not found=C:\xampp\htdocs\SKG-LMS\application\views/pages/ms/home.php
ERROR - 2024-03-19 03:21:28 --> {controllers/pages/view} Not found=C:\xampp\htdocs\SKG-LMS\application\views/pages/ms/notfound.php
ERROR - 2024-03-19 03:21:28 --> {controllers/pages/view} Not found=C:\xampp\htdocs\SKG-LMS\application\views/pages/ms/notfound.php
ERROR - 2024-03-19 03:21:28 --> {controllers/pages/view} Not found=C:\xampp\htdocs\SKG-LMS\application\views/pages/ms/notfound.php
ERROR - 2024-03-19 03:21:28 --> {controllers/pages/view} Not found=C:\xampp\htdocs\SKG-LMS\application\views/pages/ms/notfound.php
ERROR - 2024-03-19 03:21:28 --> {controllers/pages/view} Not found=C:\xampp\htdocs\SKG-LMS\application\views/pages/ms/notfound.php
ERROR - 2024-03-19 03:21:28 --> {controllers/pages/view} Not found=C:\xampp\htdocs\SKG-LMS\application\views/pages/ms/notfound.php
ERROR - 2024-03-19 03:21:28 --> {controllers/pages/view} Not found=C:\xampp\htdocs\SKG-LMS\application\views/pages/ms/notfound.php
ERROR - 2024-03-19 03:21:28 --> {controllers/pages/view} Not found=C:\xampp\htdocs\SKG-LMS\application\views/pages/ms/notfound.php
ERROR - 2024-03-19 03:21:28 --> {controllers/pages/view} Not found=C:\xampp\htdocs\SKG-LMS\application\views/pages/ms/notfound.php
ERROR - 2024-03-19 03:21:28 --> {controllers/pages/view} Not found=C:\xampp\htdocs\SKG-LMS\application\views/pages/ms/notfound.php
ERROR - 2024-03-19 03:21:29 --> {controllers/pages/view} Not found=C:\xampp\htdocs\SKG-LMS\application\views/pages/ms/notfound.php
ERROR - 2024-03-19 03:21:29 --> {controllers/pages/view} Not found=C:\xampp\htdocs\SKG-LMS\application\views/pages/ms/notfound.php
ERROR - 2024-03-19 03:21:29 --> {controllers/pages/view} Not found=C:\xampp\htdocs\SKG-LMS\application\views/pages/ms/notfound.php
ERROR - 2024-03-19 03:21:29 --> {controllers/pages/view} Not found=C:\xampp\htdocs\SKG-LMS\application\views/pages/ms/notfound.php
ERROR - 2024-03-19 03:21:29 --> {controllers/pages/view} Not found=C:\xampp\htdocs\SKG-LMS\application\views/pages/ms/notfound.php
ERROR - 2024-03-19 03:21:29 --> {controllers/pages/view} Not found=C:\xampp\htdocs\SKG-LMS\application\views/pages/ms/notfound.php
ERROR - 2024-03-19 03:21:29 --> {controllers/pages/view} Not found=C:\xampp\htdocs\SKG-LMS\application\views/pages/ms/notfound.php
ERROR - 2024-03-19 03:21:29 --> {controllers/pages/view} Not found=C:\xampp\htdocs\SKG-LMS\application\views/pages/ms/notfound.php
ERROR - 2024-03-19 03:21:30 --> {controllers/pages/view} Not found=C:\xampp\htdocs\SKG-LMS\application\views/pages/ms/notfound.php
ERROR - 2024-03-19 03:21:30 --> {controllers/pages/view} Not found=C:\xampp\htdocs\SKG-LMS\application\views/pages/ms/notfound.php
ERROR - 2024-03-19 03:21:30 --> {controllers/pages/view} Not found=C:\xampp\htdocs\SKG-LMS\application\views/pages/ms/notfound.php
ERROR - 2024-03-19 03:21:30 --> {controllers/pages/view} Not found=C:\xampp\htdocs\SKG-LMS\application\views/pages/ms/notfound.php
ERROR - 2024-03-19 03:21:30 --> {controllers/pages/view} Not found=C:\xampp\htdocs\SKG-LMS\application\views/pages/ms/notfound.php
ERROR - 2024-03-19 03:21:30 --> {controllers/pages/view} Not found=C:\xampp\htdocs\SKG-LMS\application\views/pages/ms/notfound.php
ERROR - 2024-03-19 03:21:31 --> {controllers/pages/view} Not found=C:\xampp\htdocs\SKG-LMS\application\views/pages/ms/notfound.php
ERROR - 2024-03-19 03:21:31 --> {controllers/pages/view} Not found=C:\xampp\htdocs\SKG-LMS\application\views/pages/ms/notfound.php
ERROR - 2024-03-19 03:21:31 --> {controllers/pages/view} Not found=C:\xampp\htdocs\SKG-LMS\application\views/pages/ms/notfound.php
ERROR - 2024-03-19 03:21:31 --> {controllers/pages/view} Not found=C:\xampp\htdocs\SKG-LMS\application\views/pages/ms/notfound.php
ERROR - 2024-03-19 03:21:31 --> {controllers/pages/view} Not found=C:\xampp\htdocs\SKG-LMS\application\views/pages/ms/notfound.php
ERROR - 2024-03-19 03:21:31 --> {controllers/pages/view} Not found=C:\xampp\htdocs\SKG-LMS\application\views/pages/ms/notfound.php
ERROR - 2024-03-19 03:21:31 --> {controllers/pages/view} Not found=C:\xampp\htdocs\SKG-LMS\application\views/pages/ms/notfound.php
ERROR - 2024-03-19 03:21:31 --> {controllers/pages/view} Not found=C:\xampp\htdocs\SKG-LMS\application\views/pages/ms/notfound.php
ERROR - 2024-03-19 03:21:31 --> {controllers/pages/view} Not found=C:\xampp\htdocs\SKG-LMS\application\views/pages/ms/notfound.php
ERROR - 2024-03-19 03:21:31 --> {controllers/pages/view} Not found=C:\xampp\htdocs\SKG-LMS\application\views/pages/ms/notfound.php
ERROR - 2024-03-19 03:21:31 --> {controllers/pages/view} Not found=C:\xampp\htdocs\SKG-LMS\application\views/pages/ms/notfound.php
ERROR - 2024-03-19 03:21:31 --> {controllers/pages/view} Not found=C:\xampp\htdocs\SKG-LMS\application\views/pages/ms/notfound.php
ERROR - 2024-03-19 03:21:31 --> {controllers/pages/view} Not found=C:\xampp\htdocs\SKG-LMS\application\views/pages/ms/notfound.php
ERROR - 2024-03-19 03:21:32 --> {controllers/pages/view} Not found=C:\xampp\htdocs\SKG-LMS\application\views/pages/ms/notfound.php
ERROR - 2024-03-19 03:22:17 --> {controllers/pages/view} Not found=C:\xampp\htdocs\SKG-LMS\application\views/pages/ms/notfound.php
ERROR - 2024-03-19 03:22:17 --> {controllers/pages/view} Not found=C:\xampp\htdocs\SKG-LMS\application\views/pages/ms/notfound.php
ERROR - 2024-03-19 03:22:17 --> {controllers/pages/view} Not found=C:\xampp\htdocs\SKG-LMS\application\views/pages/ms/notfound.php
ERROR - 2024-03-19 03:22:17 --> {controllers/pages/view} Not found=C:\xampp\htdocs\SKG-LMS\application\views/pages/ms/notfound.php
ERROR - 2024-03-19 03:22:18 --> {controllers/pages/view} Not found=C:\xampp\htdocs\SKG-LMS\application\views/pages/ms/notfound.php
ERROR - 2024-03-19 03:22:18 --> {controllers/pages/view} Not found=C:\xampp\htdocs\SKG-LMS\application\views/pages/ms/notfound.php
ERROR - 2024-03-19 03:22:18 --> {controllers/pages/view} Not found=C:\xampp\htdocs\SKG-LMS\application\views/pages/ms/notfound.php
ERROR - 2024-03-19 03:22:18 --> {controllers/pages/view} Not found=C:\xampp\htdocs\SKG-LMS\application\views/pages/ms/notfound.php
ERROR - 2024-03-19 03:22:18 --> {controllers/pages/view} Not found=C:\xampp\htdocs\SKG-LMS\application\views/pages/ms/notfound.php
ERROR - 2024-03-19 03:22:18 --> {controllers/pages/view} Not found=C:\xampp\htdocs\SKG-LMS\application\views/pages/ms/notfound.php
ERROR - 2024-03-19 03:22:18 --> {controllers/pages/view} Not found=C:\xampp\htdocs\SKG-LMS\application\views/pages/ms/notfound.php
ERROR - 2024-03-19 03:22:18 --> {controllers/pages/view} Not found=C:\xampp\htdocs\SKG-LMS\application\views/pages/ms/notfound.php
ERROR - 2024-03-19 03:22:18 --> {controllers/pages/view} Not found=C:\xampp\htdocs\SKG-LMS\application\views/pages/ms/notfound.php
ERROR - 2024-03-19 03:22:18 --> {controllers/pages/view} Not found=C:\xampp\htdocs\SKG-LMS\application\views/pages/ms/notfound.php
ERROR - 2024-03-19 03:22:18 --> {controllers/pages/view} Not found=C:\xampp\htdocs\SKG-LMS\application\views/pages/ms/notfound.php
ERROR - 2024-03-19 03:22:18 --> {controllers/pages/view} Not found=C:\xampp\htdocs\SKG-LMS\application\views/pages/ms/notfound.php
ERROR - 2024-03-19 03:22:18 --> {controllers/pages/view} Not found=C:\xampp\htdocs\SKG-LMS\application\views/pages/ms/notfound.php
ERROR - 2024-03-19 03:22:18 --> {controllers/pages/view} Not found=C:\xampp\htdocs\SKG-LMS\application\views/pages/ms/notfound.php
ERROR - 2024-03-19 03:22:19 --> {controllers/pages/view} Not found=C:\xampp\htdocs\SKG-LMS\application\views/pages/ms/notfound.php
ERROR - 2024-03-19 03:22:20 --> {controllers/pages/view} Not found=C:\xampp\htdocs\SKG-LMS\application\views/pages/ms/notfound.php
ERROR - 2024-03-19 03:22:20 --> {controllers/pages/view} Not found=C:\xampp\htdocs\SKG-LMS\application\views/pages/ms/notfound.php
ERROR - 2024-03-19 03:22:20 --> {controllers/pages/view} Not found=C:\xampp\htdocs\SKG-LMS\application\views/pages/ms/notfound.php
ERROR - 2024-03-19 03:22:20 --> {controllers/pages/view} Not found=C:\xampp\htdocs\SKG-LMS\application\views/pages/ms/notfound.php
ERROR - 2024-03-19 03:22:20 --> {controllers/pages/view} Not found=C:\xampp\htdocs\SKG-LMS\application\views/pages/ms/notfound.php
ERROR - 2024-03-19 03:22:20 --> {controllers/pages/view} Not found=C:\xampp\htdocs\SKG-LMS\application\views/pages/ms/notfound.php
ERROR - 2024-03-19 03:22:20 --> {controllers/pages/view} Not found=C:\xampp\htdocs\SKG-LMS\application\views/pages/ms/notfound.php
ERROR - 2024-03-19 03:22:20 --> {controllers/pages/view} Not found=C:\xampp\htdocs\SKG-LMS\application\views/pages/ms/notfound.php
ERROR - 2024-03-19 03:22:20 --> {controllers/pages/view} Not found=C:\xampp\htdocs\SKG-LMS\application\views/pages/ms/notfound.php
ERROR - 2024-03-19 03:22:20 --> {controllers/pages/view} Not found=C:\xampp\htdocs\SKG-LMS\application\views/pages/ms/notfound.php
ERROR - 2024-03-19 03:22:20 --> {controllers/pages/view} Not found=C:\xampp\htdocs\SKG-LMS\application\views/pages/ms/notfound.php
ERROR - 2024-03-19 03:22:20 --> {controllers/pages/view} Not found=C:\xampp\htdocs\SKG-LMS\application\views/pages/ms/notfound.php
ERROR - 2024-03-19 03:22:21 --> {controllers/pages/view} Not found=C:\xampp\htdocs\SKG-LMS\application\views/pages/ms/notfound.php
ERROR - 2024-03-19 03:22:21 --> {controllers/pages/view} Not found=C:\xampp\htdocs\SKG-LMS\application\views/pages/ms/notfound.php
ERROR - 2024-03-19 03:22:21 --> {controllers/pages/view} Not found=C:\xampp\htdocs\SKG-LMS\application\views/pages/ms/notfound.php
ERROR - 2024-03-19 03:22:21 --> {controllers/pages/view} Not found=C:\xampp\htdocs\SKG-LMS\application\views/pages/ms/notfound.php
ERROR - 2024-03-19 03:22:21 --> {controllers/pages/view} Not found=C:\xampp\htdocs\SKG-LMS\application\views/pages/ms/notfound.php
ERROR - 2024-03-19 03:22:21 --> {controllers/pages/view} Not found=C:\xampp\htdocs\SKG-LMS\application\views/pages/ms/notfound.php
ERROR - 2024-03-19 03:22:21 --> {controllers/pages/view} Not found=C:\xampp\htdocs\SKG-LMS\application\views/pages/ms/notfound.php
ERROR - 2024-03-19 03:22:21 --> {controllers/pages/view} Not found=C:\xampp\htdocs\SKG-LMS\application\views/pages/ms/notfound.php
ERROR - 2024-03-19 03:22:26 --> {controllers/pages/view} Not found=C:\xampp\htdocs\SKG-LMS\application\views/pages/ms/notfound.php
ERROR - 2024-03-19 03:22:26 --> {controllers/pages/view} Not found=C:\xampp\htdocs\SKG-LMS\application\views/pages/ms/notfound.php
ERROR - 2024-03-19 03:22:26 --> {controllers/pages/view} Not found=C:\xampp\htdocs\SKG-LMS\application\views/pages/ms/notfound.php
ERROR - 2024-03-19 03:22:26 --> {controllers/pages/view} Not found=C:\xampp\htdocs\SKG-LMS\application\views/pages/ms/notfound.php
ERROR - 2024-03-19 03:22:26 --> {controllers/pages/view} Not found=C:\xampp\htdocs\SKG-LMS\application\views/pages/ms/notfound.php
ERROR - 2024-03-19 03:22:26 --> {controllers/pages/view} Not found=C:\xampp\htdocs\SKG-LMS\application\views/pages/ms/notfound.php
ERROR - 2024-03-19 03:22:26 --> {controllers/pages/view} Not found=C:\xampp\htdocs\SKG-LMS\application\views/pages/ms/notfound.php
ERROR - 2024-03-19 03:22:27 --> {controllers/pages/view} Not found=C:\xampp\htdocs\SKG-LMS\application\views/pages/ms/notfound.php
ERROR - 2024-03-19 03:22:27 --> {controllers/pages/view} Not found=C:\xampp\htdocs\SKG-LMS\application\views/pages/ms/notfound.php
ERROR - 2024-03-19 03:22:27 --> {controllers/pages/view} Not found=C:\xampp\htdocs\SKG-LMS\application\views/pages/ms/notfound.php
ERROR - 2024-03-19 03:22:27 --> {controllers/pages/view} Not found=C:\xampp\htdocs\SKG-LMS\application\views/pages/ms/notfound.php
ERROR - 2024-03-19 03:22:27 --> {controllers/pages/view} Not found=C:\xampp\htdocs\SKG-LMS\application\views/pages/ms/notfound.php
ERROR - 2024-03-19 03:22:27 --> {controllers/pages/view} Not found=C:\xampp\htdocs\SKG-LMS\application\views/pages/ms/notfound.php
ERROR - 2024-03-19 03:22:27 --> {controllers/pages/view} Not found=C:\xampp\htdocs\SKG-LMS\application\views/pages/ms/notfound.php
ERROR - 2024-03-19 03:22:27 --> {controllers/pages/view} Not found=C:\xampp\htdocs\SKG-LMS\application\views/pages/ms/notfound.php
ERROR - 2024-03-19 03:22:27 --> {controllers/pages/view} Not found=C:\xampp\htdocs\SKG-LMS\application\views/pages/ms/notfound.php
ERROR - 2024-03-19 03:22:27 --> {controllers/pages/view} Not found=C:\xampp\htdocs\SKG-LMS\application\views/pages/ms/notfound.php
ERROR - 2024-03-19 03:22:27 --> {controllers/pages/view} Not found=C:\xampp\htdocs\SKG-LMS\application\views/pages/ms/notfound.php
ERROR - 2024-03-19 03:22:27 --> {controllers/pages/view} Not found=C:\xampp\htdocs\SKG-LMS\application\views/pages/ms/notfound.php
ERROR - 2024-03-19 03:22:27 --> {controllers/pages/view} Not found=C:\xampp\htdocs\SKG-LMS\application\views/pages/ms/notfound.php
ERROR - 2024-03-19 03:22:33 --> {controllers/pages/view} Not found=C:\xampp\htdocs\SKG-LMS\application\views/pages/ms/home.php
ERROR - 2024-03-19 03:22:33 --> {controllers/pages/view} Not found=C:\xampp\htdocs\SKG-LMS\application\views/pages/ms/notfound.php
ERROR - 2024-03-19 03:22:33 --> {controllers/pages/view} Not found=C:\xampp\htdocs\SKG-LMS\application\views/pages/ms/notfound.php
ERROR - 2024-03-19 03:22:33 --> {controllers/pages/view} Not found=C:\xampp\htdocs\SKG-LMS\application\views/pages/ms/notfound.php
ERROR - 2024-03-19 03:22:33 --> {controllers/pages/view} Not found=C:\xampp\htdocs\SKG-LMS\application\views/pages/ms/notfound.php
ERROR - 2024-03-19 03:22:33 --> {controllers/pages/view} Not found=C:\xampp\htdocs\SKG-LMS\application\views/pages/ms/notfound.php
ERROR - 2024-03-19 03:22:33 --> {controllers/pages/view} Not found=C:\xampp\htdocs\SKG-LMS\application\views/pages/ms/notfound.php
ERROR - 2024-03-19 03:22:33 --> {controllers/pages/view} Not found=C:\xampp\htdocs\SKG-LMS\application\views/pages/ms/notfound.php
ERROR - 2024-03-19 03:22:33 --> {controllers/pages/view} Not found=C:\xampp\htdocs\SKG-LMS\application\views/pages/ms/notfound.php
ERROR - 2024-03-19 03:22:33 --> {controllers/pages/view} Not found=C:\xampp\htdocs\SKG-LMS\application\views/pages/ms/notfound.php
ERROR - 2024-03-19 03:22:33 --> {controllers/pages/view} Not found=C:\xampp\htdocs\SKG-LMS\application\views/pages/ms/notfound.php
ERROR - 2024-03-19 03:22:33 --> {controllers/pages/view} Not found=C:\xampp\htdocs\SKG-LMS\application\views/pages/ms/notfound.php
ERROR - 2024-03-19 03:22:34 --> {controllers/pages/view} Not found=C:\xampp\htdocs\SKG-LMS\application\views/pages/ms/notfound.php
ERROR - 2024-03-19 03:22:34 --> {controllers/pages/view} Not found=C:\xampp\htdocs\SKG-LMS\application\views/pages/ms/notfound.php
ERROR - 2024-03-19 03:22:34 --> {controllers/pages/view} Not found=C:\xampp\htdocs\SKG-LMS\application\views/pages/ms/notfound.php
ERROR - 2024-03-19 03:22:34 --> {controllers/pages/view} Not found=C:\xampp\htdocs\SKG-LMS\application\views/pages/ms/notfound.php
ERROR - 2024-03-19 03:22:34 --> {controllers/pages/view} Not found=C:\xampp\htdocs\SKG-LMS\application\views/pages/ms/notfound.php
ERROR - 2024-03-19 03:22:34 --> {controllers/pages/view} Not found=C:\xampp\htdocs\SKG-LMS\application\views/pages/ms/notfound.php
ERROR - 2024-03-19 03:22:34 --> {controllers/pages/view} Not found=C:\xampp\htdocs\SKG-LMS\application\views/pages/ms/notfound.php
ERROR - 2024-03-19 03:22:35 --> {controllers/pages/view} Not found=C:\xampp\htdocs\SKG-LMS\application\views/pages/ms/home.php
ERROR - 2024-03-19 03:22:35 --> {controllers/pages/view} Not found=C:\xampp\htdocs\SKG-LMS\application\views/pages/ms/notfound.php
ERROR - 2024-03-19 03:22:35 --> {controllers/pages/view} Not found=C:\xampp\htdocs\SKG-LMS\application\views/pages/ms/notfound.php
ERROR - 2024-03-19 03:22:35 --> {controllers/pages/view} Not found=C:\xampp\htdocs\SKG-LMS\application\views/pages/ms/notfound.php
ERROR - 2024-03-19 03:22:35 --> {controllers/pages/view} Not found=C:\xampp\htdocs\SKG-LMS\application\views/pages/ms/notfound.php
ERROR - 2024-03-19 03:22:35 --> {controllers/pages/view} Not found=C:\xampp\htdocs\SKG-LMS\application\views/pages/ms/notfound.php
ERROR - 2024-03-19 03:22:35 --> {controllers/pages/view} Not found=C:\xampp\htdocs\SKG-LMS\application\views/pages/ms/notfound.php
ERROR - 2024-03-19 03:22:35 --> {controllers/pages/view} Not found=C:\xampp\htdocs\SKG-LMS\application\views/pages/ms/notfound.php
ERROR - 2024-03-19 03:22:35 --> {controllers/pages/view} Not found=C:\xampp\htdocs\SKG-LMS\application\views/pages/ms/notfound.php
ERROR - 2024-03-19 03:22:36 --> {controllers/pages/view} Not found=C:\xampp\htdocs\SKG-LMS\application\views/pages/ms/notfound.php
ERROR - 2024-03-19 03:22:36 --> {controllers/pages/view} Not found=C:\xampp\htdocs\SKG-LMS\application\views/pages/ms/notfound.php
ERROR - 2024-03-19 03:22:36 --> {controllers/pages/view} Not found=C:\xampp\htdocs\SKG-LMS\application\views/pages/ms/notfound.php
ERROR - 2024-03-19 03:22:36 --> {controllers/pages/view} Not found=C:\xampp\htdocs\SKG-LMS\application\views/pages/ms/notfound.php
ERROR - 2024-03-19 03:22:36 --> {controllers/pages/view} Not found=C:\xampp\htdocs\SKG-LMS\application\views/pages/ms/notfound.php
ERROR - 2024-03-19 03:22:36 --> {controllers/pages/view} Not found=C:\xampp\htdocs\SKG-LMS\application\views/pages/ms/notfound.php
ERROR - 2024-03-19 03:22:36 --> {controllers/pages/view} Not found=C:\xampp\htdocs\SKG-LMS\application\views/pages/ms/notfound.php
ERROR - 2024-03-19 03:22:36 --> {controllers/pages/view} Not found=C:\xampp\htdocs\SKG-LMS\application\views/pages/ms/notfound.php
ERROR - 2024-03-19 03:22:36 --> {controllers/pages/view} Not found=C:\xampp\htdocs\SKG-LMS\application\views/pages/ms/notfound.php
ERROR - 2024-03-19 03:22:36 --> {controllers/pages/view} Not found=C:\xampp\htdocs\SKG-LMS\application\views/pages/ms/notfound.php
ERROR - 2024-03-19 03:22:37 --> {controllers/pages/view} Not found=C:\xampp\htdocs\SKG-LMS\application\views/pages/ms/notfound.php
ERROR - 2024-03-19 03:22:37 --> {controllers/pages/view} Not found=C:\xampp\htdocs\SKG-LMS\application\views/pages/ms/notfound.php
ERROR - 2024-03-19 03:22:37 --> {controllers/pages/view} Not found=C:\xampp\htdocs\SKG-LMS\application\views/pages/ms/notfound.php
ERROR - 2024-03-19 03:22:37 --> {controllers/pages/view} Not found=C:\xampp\htdocs\SKG-LMS\application\views/pages/ms/notfound.php
ERROR - 2024-03-19 03:22:37 --> {controllers/pages/view} Not found=C:\xampp\htdocs\SKG-LMS\application\views/pages/ms/notfound.php
ERROR - 2024-03-19 03:22:38 --> {controllers/pages/view} Not found=C:\xampp\htdocs\SKG-LMS\application\views/pages/ms/notfound.php
ERROR - 2024-03-19 03:22:38 --> {controllers/pages/view} Not found=C:\xampp\htdocs\SKG-LMS\application\views/pages/ms/notfound.php
ERROR - 2024-03-19 03:22:38 --> {controllers/pages/view} Not found=C:\xampp\htdocs\SKG-LMS\application\views/pages/ms/notfound.php
ERROR - 2024-03-19 03:22:38 --> {controllers/pages/view} Not found=C:\xampp\htdocs\SKG-LMS\application\views/pages/ms/notfound.php
ERROR - 2024-03-19 03:22:38 --> {controllers/pages/view} Not found=C:\xampp\htdocs\SKG-LMS\application\views/pages/ms/notfound.php
ERROR - 2024-03-19 03:22:38 --> {controllers/pages/view} Not found=C:\xampp\htdocs\SKG-LMS\application\views/pages/ms/notfound.php
ERROR - 2024-03-19 03:22:38 --> {controllers/pages/view} Not found=C:\xampp\htdocs\SKG-LMS\application\views/pages/ms/notfound.php
ERROR - 2024-03-19 03:22:38 --> {controllers/pages/view} Not found=C:\xampp\htdocs\SKG-LMS\application\views/pages/ms/notfound.php
ERROR - 2024-03-19 03:22:38 --> {controllers/pages/view} Not found=C:\xampp\htdocs\SKG-LMS\application\views/pages/ms/notfound.php
ERROR - 2024-03-19 03:22:38 --> {controllers/pages/view} Not found=C:\xampp\htdocs\SKG-LMS\application\views/pages/ms/notfound.php
ERROR - 2024-03-19 03:22:38 --> {controllers/pages/view} Not found=C:\xampp\htdocs\SKG-LMS\application\views/pages/ms/notfound.php
ERROR - 2024-03-19 03:22:38 --> {controllers/pages/view} Not found=C:\xampp\htdocs\SKG-LMS\application\views/pages/ms/notfound.php
ERROR - 2024-03-19 03:22:38 --> {controllers/pages/view} Not found=C:\xampp\htdocs\SKG-LMS\application\views/pages/ms/notfound.php
ERROR - 2024-03-19 03:22:38 --> {controllers/pages/view} Not found=C:\xampp\htdocs\SKG-LMS\application\views/pages/ms/notfound.php
ERROR - 2024-03-19 03:22:39 --> {controllers/pages/view} Not found=C:\xampp\htdocs\SKG-LMS\application\views/pages/ms/notfound.php
ERROR - 2024-03-19 08:42:16 --> {controllers/pages/view} Not found=C:\xampp\htdocs\SKG-LMS\application\views/pages/ms/home.php
ERROR - 2024-03-19 08:42:16 --> {controllers/pages/view} Not found=C:\xampp\htdocs\SKG-LMS\application\views/pages/ms/notfound.php
ERROR - 2024-03-19 08:42:16 --> {controllers/pages/view} Not found=C:\xampp\htdocs\SKG-LMS\application\views/pages/ms/notfound.php
ERROR - 2024-03-19 08:42:16 --> {controllers/pages/view} Not found=C:\xampp\htdocs\SKG-LMS\application\views/pages/ms/notfound.php
ERROR - 2024-03-19 08:42:16 --> {controllers/pages/view} Not found=C:\xampp\htdocs\SKG-LMS\application\views/pages/ms/notfound.php
ERROR - 2024-03-19 08:42:16 --> {controllers/pages/view} Not found=C:\xampp\htdocs\SKG-LMS\application\views/pages/ms/notfound.php
ERROR - 2024-03-19 08:42:16 --> {controllers/pages/view} Not found=C:\xampp\htdocs\SKG-LMS\application\views/pages/ms/notfound.php
ERROR - 2024-03-19 08:42:16 --> {controllers/pages/view} Not found=C:\xampp\htdocs\SKG-LMS\application\views/pages/ms/notfound.php
ERROR - 2024-03-19 08:42:17 --> {controllers/pages/view} Not found=C:\xampp\htdocs\SKG-LMS\application\views/pages/ms/notfound.php
ERROR - 2024-03-19 08:42:17 --> {controllers/pages/view} Not found=C:\xampp\htdocs\SKG-LMS\application\views/pages/ms/notfound.php
ERROR - 2024-03-19 08:42:17 --> {controllers/pages/view} Not found=C:\xampp\htdocs\SKG-LMS\application\views/pages/ms/notfound.php
ERROR - 2024-03-19 08:42:17 --> {controllers/pages/view} Not found=C:\xampp\htdocs\SKG-LMS\application\views/pages/ms/notfound.php
ERROR - 2024-03-19 08:42:17 --> {controllers/pages/view} Not found=C:\xampp\htdocs\SKG-LMS\application\views/pages/ms/notfound.php
ERROR - 2024-03-19 08:42:17 --> {controllers/pages/view} Not found=C:\xampp\htdocs\SKG-LMS\application\views/pages/ms/notfound.php
ERROR - 2024-03-19 08:42:17 --> {controllers/pages/view} Not found=C:\xampp\htdocs\SKG-LMS\application\views/pages/ms/notfound.php
ERROR - 2024-03-19 08:42:17 --> {controllers/pages/view} Not found=C:\xampp\htdocs\SKG-LMS\application\views/pages/ms/notfound.php
ERROR - 2024-03-19 08:42:17 --> {controllers/pages/view} Not found=C:\xampp\htdocs\SKG-LMS\application\views/pages/ms/notfound.php
ERROR - 2024-03-19 08:42:17 --> {controllers/pages/view} Not found=C:\xampp\htdocs\SKG-LMS\application\views/pages/ms/notfound.php
ERROR - 2024-03-19 08:42:17 --> {controllers/pages/view} Not found=C:\xampp\htdocs\SKG-LMS\application\views/pages/ms/notfound.php
ERROR - 2024-03-19 08:42:17 --> {controllers/pages/view} Not found=C:\xampp\htdocs\SKG-LMS\application\views/pages/ms/notfound.php
ERROR - 2024-03-19 08:42:18 --> {controllers/pages/view} Not found=C:\xampp\htdocs\SKG-LMS\application\views/pages/ms/notfound.php
ERROR - 2024-03-19 08:42:18 --> {controllers/pages/view} Not found=C:\xampp\htdocs\SKG-LMS\application\views/pages/ms/notfound.php
ERROR - 2024-03-19 08:42:19 --> {controllers/pages/view} Not found=C:\xampp\htdocs\SKG-LMS\application\views/pages/ms/notfound.php
ERROR - 2024-03-19 08:42:19 --> {controllers/pages/view} Not found=C:\xampp\htdocs\SKG-LMS\application\views/pages/ms/notfound.php
ERROR - 2024-03-19 08:42:19 --> {controllers/pages/view} Not found=C:\xampp\htdocs\SKG-LMS\application\views/pages/ms/notfound.php
ERROR - 2024-03-19 08:42:19 --> {controllers/pages/view} Not found=C:\xampp\htdocs\SKG-LMS\application\views/pages/ms/notfound.php
ERROR - 2024-03-19 08:42:19 --> {controllers/pages/view} Not found=C:\xampp\htdocs\SKG-LMS\application\views/pages/ms/notfound.php
ERROR - 2024-03-19 08:42:19 --> {controllers/pages/view} Not found=C:\xampp\htdocs\SKG-LMS\application\views/pages/ms/notfound.php
ERROR - 2024-03-19 08:42:19 --> {controllers/pages/view} Not found=C:\xampp\htdocs\SKG-LMS\application\views/pages/ms/notfound.php
ERROR - 2024-03-19 08:42:19 --> {controllers/pages/view} Not found=C:\xampp\htdocs\SKG-LMS\application\views/pages/ms/notfound.php
ERROR - 2024-03-19 08:42:19 --> {controllers/pages/view} Not found=C:\xampp\htdocs\SKG-LMS\application\views/pages/ms/notfound.php
ERROR - 2024-03-19 08:42:19 --> {controllers/pages/view} Not found=C:\xampp\htdocs\SKG-LMS\application\views/pages/ms/notfound.php
ERROR - 2024-03-19 08:42:19 --> {controllers/pages/view} Not found=C:\xampp\htdocs\SKG-LMS\application\views/pages/ms/notfound.php
ERROR - 2024-03-19 08:42:19 --> {controllers/pages/view} Not found=C:\xampp\htdocs\SKG-LMS\application\views/pages/ms/notfound.php
ERROR - 2024-03-19 08:42:20 --> {controllers/pages/view} Not found=C:\xampp\htdocs\SKG-LMS\application\views/pages/ms/notfound.php
ERROR - 2024-03-19 08:42:20 --> {controllers/pages/view} Not found=C:\xampp\htdocs\SKG-LMS\application\views/pages/ms/notfound.php
ERROR - 2024-03-19 08:42:20 --> {controllers/pages/view} Not found=C:\xampp\htdocs\SKG-LMS\application\views/pages/ms/notfound.php
ERROR - 2024-03-19 08:42:20 --> {controllers/pages/view} Not found=C:\xampp\htdocs\SKG-LMS\application\views/pages/ms/notfound.php
ERROR - 2024-03-19 08:42:20 --> {controllers/pages/view} Not found=C:\xampp\htdocs\SKG-LMS\application\views/pages/ms/notfound.php
ERROR - 2024-03-19 08:42:20 --> {controllers/pages/view} Not found=C:\xampp\htdocs\SKG-LMS\application\views/pages/ms/notfound.php
ERROR - 2024-03-19 08:42:23 --> {controllers/pages/view} Not found=C:\xampp\htdocs\SKG-LMS\application\views/pages/ms/home.php
ERROR - 2024-03-19 08:42:23 --> {controllers/pages/view} Not found=C:\xampp\htdocs\SKG-LMS\application\views/pages/ms/notfound.php
ERROR - 2024-03-19 08:42:23 --> {controllers/pages/view} Not found=C:\xampp\htdocs\SKG-LMS\application\views/pages/ms/notfound.php
ERROR - 2024-03-19 08:42:23 --> {controllers/pages/view} Not found=C:\xampp\htdocs\SKG-LMS\application\views/pages/ms/notfound.php
ERROR - 2024-03-19 08:42:23 --> {controllers/pages/view} Not found=C:\xampp\htdocs\SKG-LMS\application\views/pages/ms/notfound.php
ERROR - 2024-03-19 08:42:23 --> {controllers/pages/view} Not found=C:\xampp\htdocs\SKG-LMS\application\views/pages/ms/notfound.php
ERROR - 2024-03-19 08:42:23 --> {controllers/pages/view} Not found=C:\xampp\htdocs\SKG-LMS\application\views/pages/ms/notfound.php
ERROR - 2024-03-19 08:42:23 --> {controllers/pages/view} Not found=C:\xampp\htdocs\SKG-LMS\application\views/pages/ms/notfound.php
ERROR - 2024-03-19 08:42:23 --> {controllers/pages/view} Not found=C:\xampp\htdocs\SKG-LMS\application\views/pages/ms/notfound.php
ERROR - 2024-03-19 08:42:23 --> {controllers/pages/view} Not found=C:\xampp\htdocs\SKG-LMS\application\views/pages/ms/notfound.php
ERROR - 2024-03-19 08:42:23 --> {controllers/pages/view} Not found=C:\xampp\htdocs\SKG-LMS\application\views/pages/ms/notfound.php
ERROR - 2024-03-19 08:42:24 --> {controllers/pages/view} Not found=C:\xampp\htdocs\SKG-LMS\application\views/pages/ms/notfound.php
ERROR - 2024-03-19 08:42:24 --> {controllers/pages/view} Not found=C:\xampp\htdocs\SKG-LMS\application\views/pages/ms/notfound.php
ERROR - 2024-03-19 08:42:24 --> {controllers/pages/view} Not found=C:\xampp\htdocs\SKG-LMS\application\views/pages/ms/notfound.php
ERROR - 2024-03-19 08:42:24 --> {controllers/pages/view} Not found=C:\xampp\htdocs\SKG-LMS\application\views/pages/ms/notfound.php
ERROR - 2024-03-19 08:42:24 --> {controllers/pages/view} Not found=C:\xampp\htdocs\SKG-LMS\application\views/pages/ms/notfound.php
ERROR - 2024-03-19 08:42:24 --> {controllers/pages/view} Not found=C:\xampp\htdocs\SKG-LMS\application\views/pages/ms/notfound.php
ERROR - 2024-03-19 08:42:24 --> {controllers/pages/view} Not found=C:\xampp\htdocs\SKG-LMS\application\views/pages/ms/notfound.php
ERROR - 2024-03-19 08:42:24 --> {controllers/pages/view} Not found=C:\xampp\htdocs\SKG-LMS\application\views/pages/ms/notfound.php
ERROR - 2024-03-19 08:42:24 --> {controllers/pages/view} Not found=C:\xampp\htdocs\SKG-LMS\application\views/pages/ms/notfound.php
ERROR - 2024-03-19 08:42:25 --> {controllers/pages/view} Not found=C:\xampp\htdocs\SKG-LMS\application\views/pages/ms/notfound.php
ERROR - 2024-03-19 08:42:25 --> {controllers/pages/view} Not found=C:\xampp\htdocs\SKG-LMS\application\views/pages/ms/notfound.php
ERROR - 2024-03-19 08:42:25 --> {controllers/pages/view} Not found=C:\xampp\htdocs\SKG-LMS\application\views/pages/ms/notfound.php
ERROR - 2024-03-19 08:42:25 --> {controllers/pages/view} Not found=C:\xampp\htdocs\SKG-LMS\application\views/pages/ms/notfound.php
ERROR - 2024-03-19 08:42:26 --> {controllers/pages/view} Not found=C:\xampp\htdocs\SKG-LMS\application\views/pages/ms/notfound.php
ERROR - 2024-03-19 08:42:26 --> {controllers/pages/view} Not found=C:\xampp\htdocs\SKG-LMS\application\views/pages/ms/notfound.php
ERROR - 2024-03-19 08:42:26 --> {controllers/pages/view} Not found=C:\xampp\htdocs\SKG-LMS\application\views/pages/ms/notfound.php
ERROR - 2024-03-19 08:42:26 --> {controllers/pages/view} Not found=C:\xampp\htdocs\SKG-LMS\application\views/pages/ms/notfound.php
ERROR - 2024-03-19 08:42:26 --> {controllers/pages/view} Not found=C:\xampp\htdocs\SKG-LMS\application\views/pages/ms/notfound.php
ERROR - 2024-03-19 08:42:26 --> {controllers/pages/view} Not found=C:\xampp\htdocs\SKG-LMS\application\views/pages/ms/notfound.php
ERROR - 2024-03-19 08:42:26 --> {controllers/pages/view} Not found=C:\xampp\htdocs\SKG-LMS\application\views/pages/ms/notfound.php
ERROR - 2024-03-19 08:42:26 --> {controllers/pages/view} Not found=C:\xampp\htdocs\SKG-LMS\application\views/pages/ms/notfound.php
ERROR - 2024-03-19 08:42:26 --> {controllers/pages/view} Not found=C:\xampp\htdocs\SKG-LMS\application\views/pages/ms/notfound.php
ERROR - 2024-03-19 08:42:26 --> {controllers/pages/view} Not found=C:\xampp\htdocs\SKG-LMS\application\views/pages/ms/notfound.php
ERROR - 2024-03-19 08:42:26 --> {controllers/pages/view} Not found=C:\xampp\htdocs\SKG-LMS\application\views/pages/ms/notfound.php
ERROR - 2024-03-19 08:42:26 --> {controllers/pages/view} Not found=C:\xampp\htdocs\SKG-LMS\application\views/pages/ms/notfound.php
ERROR - 2024-03-19 08:42:26 --> {controllers/pages/view} Not found=C:\xampp\htdocs\SKG-LMS\application\views/pages/ms/notfound.php
ERROR - 2024-03-19 08:42:26 --> {controllers/pages/view} Not found=C:\xampp\htdocs\SKG-LMS\application\views/pages/ms/notfound.php
ERROR - 2024-03-19 08:42:27 --> {controllers/pages/view} Not found=C:\xampp\htdocs\SKG-LMS\application\views/pages/ms/notfound.php
ERROR - 2024-03-19 08:42:27 --> {controllers/pages/view} Not found=C:\xampp\htdocs\SKG-LMS\application\views/pages/ms/notfound.php
ERROR - 2024-03-19 08:42:32 --> {controllers/pages/view} Not found=C:\xampp\htdocs\SKG-LMS\application\views/pages/ms/notfound.php
ERROR - 2024-03-19 08:42:32 --> {controllers/pages/view} Not found=C:\xampp\htdocs\SKG-LMS\application\views/pages/ms/notfound.php
ERROR - 2024-03-19 08:42:32 --> {controllers/pages/view} Not found=C:\xampp\htdocs\SKG-LMS\application\views/pages/ms/notfound.php
ERROR - 2024-03-19 08:42:32 --> {controllers/pages/view} Not found=C:\xampp\htdocs\SKG-LMS\application\views/pages/ms/notfound.php
ERROR - 2024-03-19 08:42:32 --> {controllers/pages/view} Not found=C:\xampp\htdocs\SKG-LMS\application\views/pages/ms/notfound.php
ERROR - 2024-03-19 08:42:32 --> {controllers/pages/view} Not found=C:\xampp\htdocs\SKG-LMS\application\views/pages/ms/notfound.php
ERROR - 2024-03-19 08:42:32 --> {controllers/pages/view} Not found=C:\xampp\htdocs\SKG-LMS\application\views/pages/ms/notfound.php
ERROR - 2024-03-19 08:42:32 --> {controllers/pages/view} Not found=C:\xampp\htdocs\SKG-LMS\application\views/pages/ms/notfound.php
ERROR - 2024-03-19 08:42:32 --> {controllers/pages/view} Not found=C:\xampp\htdocs\SKG-LMS\application\views/pages/ms/notfound.php
ERROR - 2024-03-19 08:42:32 --> {controllers/pages/view} Not found=C:\xampp\htdocs\SKG-LMS\application\views/pages/ms/notfound.php
ERROR - 2024-03-19 08:42:32 --> {controllers/pages/view} Not found=C:\xampp\htdocs\SKG-LMS\application\views/pages/ms/notfound.php
ERROR - 2024-03-19 08:42:32 --> {controllers/pages/view} Not found=C:\xampp\htdocs\SKG-LMS\application\views/pages/ms/notfound.php
ERROR - 2024-03-19 08:42:33 --> {controllers/pages/view} Not found=C:\xampp\htdocs\SKG-LMS\application\views/pages/ms/notfound.php
ERROR - 2024-03-19 08:42:33 --> {controllers/pages/view} Not found=C:\xampp\htdocs\SKG-LMS\application\views/pages/ms/notfound.php
ERROR - 2024-03-19 08:42:33 --> {controllers/pages/view} Not found=C:\xampp\htdocs\SKG-LMS\application\views/pages/ms/notfound.php
ERROR - 2024-03-19 08:42:33 --> {controllers/pages/view} Not found=C:\xampp\htdocs\SKG-LMS\application\views/pages/ms/notfound.php
ERROR - 2024-03-19 08:42:33 --> {controllers/pages/view} Not found=C:\xampp\htdocs\SKG-LMS\application\views/pages/ms/notfound.php
ERROR - 2024-03-19 08:42:33 --> {controllers/pages/view} Not found=C:\xampp\htdocs\SKG-LMS\application\views/pages/ms/notfound.php
ERROR - 2024-03-19 08:42:33 --> {controllers/pages/view} Not found=C:\xampp\htdocs\SKG-LMS\application\views/pages/ms/notfound.php
ERROR - 2024-03-19 08:42:33 --> {controllers/pages/view} Not found=C:\xampp\htdocs\SKG-LMS\application\views/pages/ms/notfound.php
