ERROR - 2024-04-16 03:16:56 --> {controllers/session/login} Invalid login id or password for user=itstaff@email.com
ERROR - 2024-04-16 03:18:43 --> Severity: Warning --> Undefined array key "name" D:\xampp\htdocs\SKG-LMS\application\models\Types_model.php 75
ERROR - 2024-04-16 03:49:40 --> Severity: Warning --> Undefined array key "name" D:\xampp\htdocs\SKG-LMS\application\models\Types_model.php 75
ERROR - 2024-04-16 03:50:01 --> Severity: Warning --> Undefined array key "name" D:\xampp\htdocs\SKG-LMS\application\models\Types_model.php 75
ERROR - 2024-04-16 04:23:53 --> {controllers/pages/view} Not found=D:\xampp\htdocs\SKG-LMS\application\views/pages/en/Requirement.php.php
ERROR - 2024-04-16 04:23:53 --> {controllers/pages/view} Not found=D:\xampp\htdocs\SKG-LMS\application\views/pages/en/notfound.php
ERROR - 2024-04-16 04:23:53 --> {controllers/pages/view} Not found=D:\xampp\htdocs\SKG-LMS\application\views/pages/en/notfound.php
ERROR - 2024-04-16 04:23:53 --> {controllers/pages/view} Not found=D:\xampp\htdocs\SKG-LMS\application\views/pages/en/notfound.php
ERROR - 2024-04-16 04:23:53 --> {controllers/pages/view} Not found=D:\xampp\htdocs\SKG-LMS\application\views/pages/en/notfound.php
ERROR - 2024-04-16 04:23:53 --> {controllers/pages/view} Not found=D:\xampp\htdocs\SKG-LMS\application\views/pages/en/notfound.php
ERROR - 2024-04-16 04:23:53 --> {controllers/pages/view} Not found=D:\xampp\htdocs\SKG-LMS\application\views/pages/en/notfound.php
ERROR - 2024-04-16 04:23:53 --> {controllers/pages/view} Not found=D:\xampp\htdocs\SKG-LMS\application\views/pages/en/notfound.php
ERROR - 2024-04-16 04:23:54 --> {controllers/pages/view} Not found=D:\xampp\htdocs\SKG-LMS\application\views/pages/en/notfound.php
ERROR - 2024-04-16 04:23:54 --> {controllers/pages/view} Not found=D:\xampp\htdocs\SKG-LMS\application\views/pages/en/notfound.php
ERROR - 2024-04-16 04:23:54 --> {controllers/pages/view} Not found=D:\xampp\htdocs\SKG-LMS\application\views/pages/en/notfound.php
ERROR - 2024-04-16 04:23:54 --> {controllers/pages/view} Not found=D:\xampp\htdocs\SKG-LMS\application\views/pages/en/notfound.php
ERROR - 2024-04-16 04:23:54 --> {controllers/pages/view} Not found=D:\xampp\htdocs\SKG-LMS\application\views/pages/en/notfound.php
ERROR - 2024-04-16 04:23:54 --> {controllers/pages/view} Not found=D:\xampp\htdocs\SKG-LMS\application\views/pages/en/notfound.php
ERROR - 2024-04-16 04:23:54 --> {controllers/pages/view} Not found=D:\xampp\htdocs\SKG-LMS\application\views/pages/en/notfound.php
ERROR - 2024-04-16 04:23:54 --> {controllers/pages/view} Not found=D:\xampp\htdocs\SKG-LMS\application\views/pages/en/notfound.php
ERROR - 2024-04-16 04:23:54 --> {controllers/pages/view} Not found=D:\xampp\htdocs\SKG-LMS\application\views/pages/en/notfound.php
ERROR - 2024-04-16 04:23:54 --> {controllers/pages/view} Not found=D:\xampp\htdocs\SKG-LMS\application\views/pages/en/notfound.php
ERROR - 2024-04-16 04:23:54 --> {controllers/pages/view} Not found=D:\xampp\htdocs\SKG-LMS\application\views/pages/en/notfound.php
ERROR - 2024-04-16 04:23:54 --> {controllers/pages/view} Not found=D:\xampp\htdocs\SKG-LMS\application\views/pages/en/notfound.php
ERROR - 2024-04-16 04:23:56 --> {controllers/pages/view} Not found=D:\xampp\htdocs\SKG-LMS\application\views/pages/en/notfound.php
ERROR - 2024-04-16 04:23:56 --> {controllers/pages/view} Not found=D:\xampp\htdocs\SKG-LMS\application\views/pages/en/notfound.php
ERROR - 2024-04-16 04:23:56 --> {controllers/pages/view} Not found=D:\xampp\htdocs\SKG-LMS\application\views/pages/en/notfound.php
ERROR - 2024-04-16 04:23:56 --> {controllers/pages/view} Not found=D:\xampp\htdocs\SKG-LMS\application\views/pages/en/notfound.php
ERROR - 2024-04-16 04:23:56 --> {controllers/pages/view} Not found=D:\xampp\htdocs\SKG-LMS\application\views/pages/en/notfound.php
ERROR - 2024-04-16 04:23:56 --> {controllers/pages/view} Not found=D:\xampp\htdocs\SKG-LMS\application\views/pages/en/notfound.php
ERROR - 2024-04-16 04:23:56 --> {controllers/pages/view} Not found=D:\xampp\htdocs\SKG-LMS\application\views/pages/en/notfound.php
ERROR - 2024-04-16 04:23:56 --> {controllers/pages/view} Not found=D:\xampp\htdocs\SKG-LMS\application\views/pages/en/notfound.php
ERROR - 2024-04-16 04:23:56 --> {controllers/pages/view} Not found=D:\xampp\htdocs\SKG-LMS\application\views/pages/en/notfound.php
ERROR - 2024-04-16 04:23:56 --> {controllers/pages/view} Not found=D:\xampp\htdocs\SKG-LMS\application\views/pages/en/notfound.php
ERROR - 2024-04-16 04:23:56 --> {controllers/pages/view} Not found=D:\xampp\htdocs\SKG-LMS\application\views/pages/en/notfound.php
ERROR - 2024-04-16 04:23:56 --> {controllers/pages/view} Not found=D:\xampp\htdocs\SKG-LMS\application\views/pages/en/notfound.php
ERROR - 2024-04-16 04:23:56 --> {controllers/pages/view} Not found=D:\xampp\htdocs\SKG-LMS\application\views/pages/en/notfound.php
ERROR - 2024-04-16 04:23:56 --> {controllers/pages/view} Not found=D:\xampp\htdocs\SKG-LMS\application\views/pages/en/notfound.php
ERROR - 2024-04-16 04:23:56 --> {controllers/pages/view} Not found=D:\xampp\htdocs\SKG-LMS\application\views/pages/en/notfound.php
ERROR - 2024-04-16 04:23:56 --> {controllers/pages/view} Not found=D:\xampp\htdocs\SKG-LMS\application\views/pages/en/notfound.php
ERROR - 2024-04-16 04:23:57 --> {controllers/pages/view} Not found=D:\xampp\htdocs\SKG-LMS\application\views/pages/en/notfound.php
ERROR - 2024-04-16 04:23:57 --> {controllers/pages/view} Not found=D:\xampp\htdocs\SKG-LMS\application\views/pages/en/notfound.php
ERROR - 2024-04-16 04:23:57 --> {controllers/pages/view} Not found=D:\xampp\htdocs\SKG-LMS\application\views/pages/en/notfound.php
ERROR - 2024-04-16 04:23:57 --> {controllers/pages/view} Not found=D:\xampp\htdocs\SKG-LMS\application\views/pages/en/notfound.php
ERROR - 2024-04-16 04:25:41 --> Severity: User Warning --> Required @OA\PathItem() not found D:\xampp\htdocs\SKG-LMS\vendor\zircote\swagger-php\src\Loggers\DefaultLogger.php 31
ERROR - 2024-04-16 04:25:41 --> Severity: User Warning --> Required @OA\Info() not found D:\xampp\htdocs\SKG-LMS\vendor\zircote\swagger-php\src\Loggers\DefaultLogger.php 31
