ERROR - 2024-05-07 05:53:00 --> Could not find the language line "leaves_balances_section_title"
ERROR - 2024-05-07 05:54:48 --> Could not find the language line "leaves_balances_section_title"
ERROR - 2024-05-07 06:04:33 --> Could not find the language line "leaves_balances_section_title"
ERROR - 2024-05-07 06:08:00 --> Could not find the language line "leaves_balances_section_title"
ERROR - 2024-05-07 06:11:13 --> Could not find the language line "leaves_balances_section_title"
ERROR - 2024-05-07 06:12:42 --> Could not find the language line "leaves_balances_section_title"
ERROR - 2024-05-07 06:13:57 --> Could not find the language line "leaves_balances_section_title"
ERROR - 2024-05-07 06:16:49 --> Could not find the language line "leaves_balances_section_title"
ERROR - 2024-05-07 06:17:53 --> Could not find the language line "leaves_balances_section_title"
ERROR - 2024-05-07 06:26:28 --> Could not find the language line "leaves_balances_section_title"
ERROR - 2024-05-07 06:28:20 --> Could not find the language line "leaves_balances_section_title"
ERROR - 2024-05-07 06:28:31 --> Could not find the language line "leaves_balances_section_title"
ERROR - 2024-05-07 06:28:48 --> Could not find the language line "leaves_balances_section_title"
ERROR - 2024-05-07 06:28:53 --> Severity: Warning --> Trying to access array offset on value of type null C:\xampp\htdocs\SKG-LMS\application\controllers\Leaves.php 861
ERROR - 2024-05-07 06:29:19 --> Could not find the language line "leaves_balances_section_title"
ERROR - 2024-05-07 06:29:23 --> Severity: Warning --> Trying to access array offset on value of type null C:\xampp\htdocs\SKG-LMS\application\controllers\Leaves.php 861
ERROR - 2024-05-07 06:29:38 --> Severity: error --> Exception: syntax error, unexpected end of file, expecting "elseif" or "else" or "endif" C:\xampp\htdocs\SKG-LMS\application\views\leaves\create.php 185
ERROR - 2024-05-07 06:30:32 --> Severity: Warning --> Trying to access array offset on value of type null C:\xampp\htdocs\SKG-LMS\application\controllers\Leaves.php 861
ERROR - 2024-05-07 06:31:13 --> Could not find the language line "leaves_balances_section_title"
ERROR - 2024-05-07 06:31:16 --> Severity: Warning --> Trying to access array offset on value of type null C:\xampp\htdocs\SKG-LMS\application\controllers\Leaves.php 861
ERROR - 2024-05-07 06:31:39 --> Could not find the language line "leaves_balances_section_title"
ERROR - 2024-05-07 06:32:02 --> Severity: Warning --> Trying to access array offset on value of type null C:\xampp\htdocs\SKG-LMS\application\controllers\Leaves.php 861
ERROR - 2024-05-07 06:32:29 --> Severity: Warning --> Trying to access array offset on value of type null C:\xampp\htdocs\SKG-LMS\application\controllers\Leaves.php 861
ERROR - 2024-05-07 06:33:08 --> Severity: Warning --> Trying to access array offset on value of type null C:\xampp\htdocs\SKG-LMS\application\controllers\Leaves.php 861
ERROR - 2024-05-07 06:33:35 --> Severity: Warning --> Trying to access array offset on value of type null C:\xampp\htdocs\SKG-LMS\application\controllers\Leaves.php 861
ERROR - 2024-05-07 06:33:48 --> Severity: Warning --> Trying to access array offset on value of type null C:\xampp\htdocs\SKG-LMS\application\controllers\Leaves.php 861
ERROR - 2024-05-07 06:34:13 --> Severity: Warning --> Trying to access array offset on value of type null C:\xampp\htdocs\SKG-LMS\application\controllers\Leaves.php 861
ERROR - 2024-05-07 06:34:29 --> Severity: Warning --> Trying to access array offset on value of type null C:\xampp\htdocs\SKG-LMS\application\controllers\Leaves.php 861
ERROR - 2024-05-07 08:45:11 --> {controllers/pages/view} Not found=C:\xampp\htdocs\SKG-LMS\application\views/pages/en/style.css.php
ERROR - 2024-05-07 08:45:11 --> {controllers/pages/view} Not found=C:\xampp\htdocs\SKG-LMS\application\views/pages/en/notfound.php
ERROR - 2024-05-07 08:45:11 --> {controllers/pages/view} Not found=C:\xampp\htdocs\SKG-LMS\application\views/pages/en/notfound.php
ERROR - 2024-05-07 08:45:11 --> {controllers/pages/view} Not found=C:\xampp\htdocs\SKG-LMS\application\views/pages/en/notfound.php
ERROR - 2024-05-07 08:45:11 --> {controllers/pages/view} Not found=C:\xampp\htdocs\SKG-LMS\application\views/pages/en/notfound.php
ERROR - 2024-05-07 08:45:11 --> {controllers/pages/view} Not found=C:\xampp\htdocs\SKG-LMS\application\views/pages/en/notfound.php
ERROR - 2024-05-07 08:45:11 --> {controllers/pages/view} Not found=C:\xampp\htdocs\SKG-LMS\application\views/pages/en/notfound.php
ERROR - 2024-05-07 08:45:11 --> {controllers/pages/view} Not found=C:\xampp\htdocs\SKG-LMS\application\views/pages/en/notfound.php
ERROR - 2024-05-07 08:45:11 --> {controllers/pages/view} Not found=C:\xampp\htdocs\SKG-LMS\application\views/pages/en/notfound.php
ERROR - 2024-05-07 08:45:12 --> {controllers/pages/view} Not found=C:\xampp\htdocs\SKG-LMS\application\views/pages/en/notfound.php
ERROR - 2024-05-07 08:45:12 --> {controllers/pages/view} Not found=C:\xampp\htdocs\SKG-LMS\application\views/pages/en/notfound.php
ERROR - 2024-05-07 08:45:12 --> {controllers/pages/view} Not found=C:\xampp\htdocs\SKG-LMS\application\views/pages/en/notfound.php
ERROR - 2024-05-07 08:45:12 --> {controllers/pages/view} Not found=C:\xampp\htdocs\SKG-LMS\application\views/pages/en/notfound.php
ERROR - 2024-05-07 08:45:12 --> {controllers/pages/view} Not found=C:\xampp\htdocs\SKG-LMS\application\views/pages/en/notfound.php
ERROR - 2024-05-07 08:45:12 --> {controllers/pages/view} Not found=C:\xampp\htdocs\SKG-LMS\application\views/pages/en/notfound.php
ERROR - 2024-05-07 08:45:12 --> {controllers/pages/view} Not found=C:\xampp\htdocs\SKG-LMS\application\views/pages/en/notfound.php
ERROR - 2024-05-07 08:45:12 --> {controllers/pages/view} Not found=C:\xampp\htdocs\SKG-LMS\application\views/pages/en/notfound.php
ERROR - 2024-05-07 08:45:12 --> {controllers/pages/view} Not found=C:\xampp\htdocs\SKG-LMS\application\views/pages/en/notfound.php
ERROR - 2024-05-07 08:45:12 --> {controllers/pages/view} Not found=C:\xampp\htdocs\SKG-LMS\application\views/pages/en/notfound.php
ERROR - 2024-05-07 08:45:12 --> {controllers/pages/view} Not found=C:\xampp\htdocs\SKG-LMS\application\views/pages/en/notfound.php
ERROR - 2024-05-07 08:45:12 --> {controllers/pages/view} Not found=C:\xampp\htdocs\SKG-LMS\application\views/pages/en/notfound.php
ERROR - 2024-05-07 08:47:47 --> {controllers/pages/view} Not found=C:\xampp\htdocs\SKG-LMS\application\views/pages/en/style.css.php
ERROR - 2024-05-07 08:47:47 --> {controllers/pages/view} Not found=C:\xampp\htdocs\SKG-LMS\application\views/pages/en/notfound.php
ERROR - 2024-05-07 08:47:47 --> {controllers/pages/view} Not found=C:\xampp\htdocs\SKG-LMS\application\views/pages/en/notfound.php
ERROR - 2024-05-07 08:47:47 --> {controllers/pages/view} Not found=C:\xampp\htdocs\SKG-LMS\application\views/pages/en/notfound.php
ERROR - 2024-05-07 08:47:47 --> {controllers/pages/view} Not found=C:\xampp\htdocs\SKG-LMS\application\views/pages/en/notfound.php
ERROR - 2024-05-07 08:47:47 --> {controllers/pages/view} Not found=C:\xampp\htdocs\SKG-LMS\application\views/pages/en/notfound.php
ERROR - 2024-05-07 08:47:47 --> {controllers/pages/view} Not found=C:\xampp\htdocs\SKG-LMS\application\views/pages/en/notfound.php
ERROR - 2024-05-07 08:47:47 --> {controllers/pages/view} Not found=C:\xampp\htdocs\SKG-LMS\application\views/pages/en/notfound.php
ERROR - 2024-05-07 08:47:47 --> {controllers/pages/view} Not found=C:\xampp\htdocs\SKG-LMS\application\views/pages/en/notfound.php
ERROR - 2024-05-07 08:47:47 --> {controllers/pages/view} Not found=C:\xampp\htdocs\SKG-LMS\application\views/pages/en/notfound.php
ERROR - 2024-05-07 08:47:47 --> {controllers/pages/view} Not found=C:\xampp\htdocs\SKG-LMS\application\views/pages/en/notfound.php
ERROR - 2024-05-07 08:47:47 --> {controllers/pages/view} Not found=C:\xampp\htdocs\SKG-LMS\application\views/pages/en/notfound.php
ERROR - 2024-05-07 08:47:47 --> {controllers/pages/view} Not found=C:\xampp\htdocs\SKG-LMS\application\views/pages/en/notfound.php
ERROR - 2024-05-07 08:47:47 --> {controllers/pages/view} Not found=C:\xampp\htdocs\SKG-LMS\application\views/pages/en/notfound.php
ERROR - 2024-05-07 08:47:47 --> {controllers/pages/view} Not found=C:\xampp\htdocs\SKG-LMS\application\views/pages/en/notfound.php
ERROR - 2024-05-07 08:47:47 --> {controllers/pages/view} Not found=C:\xampp\htdocs\SKG-LMS\application\views/pages/en/notfound.php
ERROR - 2024-05-07 08:47:48 --> {controllers/pages/view} Not found=C:\xampp\htdocs\SKG-LMS\application\views/pages/en/notfound.php
ERROR - 2024-05-07 08:47:48 --> {controllers/pages/view} Not found=C:\xampp\htdocs\SKG-LMS\application\views/pages/en/notfound.php
ERROR - 2024-05-07 08:47:48 --> {controllers/pages/view} Not found=C:\xampp\htdocs\SKG-LMS\application\views/pages/en/notfound.php
ERROR - 2024-05-07 08:47:48 --> {controllers/pages/view} Not found=C:\xampp\htdocs\SKG-LMS\application\views/pages/en/notfound.php
ERROR - 2024-05-07 08:47:48 --> {controllers/pages/view} Not found=C:\xampp\htdocs\SKG-LMS\application\views/pages/en/notfound.php
ERROR - 2024-05-07 08:47:51 --> Severity: Warning --> Trying to access array offset on value of type null C:\xampp\htdocs\SKG-LMS\application\controllers\Leaves.php 861
ERROR - 2024-05-07 08:48:12 --> {controllers/pages/view} Not found=C:\xampp\htdocs\SKG-LMS\application\views/pages/en/style.css.php
ERROR - 2024-05-07 08:48:12 --> {controllers/pages/view} Not found=C:\xampp\htdocs\SKG-LMS\application\views/pages/en/notfound.php
ERROR - 2024-05-07 08:48:12 --> {controllers/pages/view} Not found=C:\xampp\htdocs\SKG-LMS\application\views/pages/en/notfound.php
ERROR - 2024-05-07 08:48:12 --> {controllers/pages/view} Not found=C:\xampp\htdocs\SKG-LMS\application\views/pages/en/notfound.php
ERROR - 2024-05-07 08:48:12 --> {controllers/pages/view} Not found=C:\xampp\htdocs\SKG-LMS\application\views/pages/en/notfound.php
ERROR - 2024-05-07 08:48:12 --> {controllers/pages/view} Not found=C:\xampp\htdocs\SKG-LMS\application\views/pages/en/notfound.php
ERROR - 2024-05-07 08:48:12 --> {controllers/pages/view} Not found=C:\xampp\htdocs\SKG-LMS\application\views/pages/en/notfound.php
ERROR - 2024-05-07 08:48:12 --> {controllers/pages/view} Not found=C:\xampp\htdocs\SKG-LMS\application\views/pages/en/notfound.php
ERROR - 2024-05-07 08:48:12 --> {controllers/pages/view} Not found=C:\xampp\htdocs\SKG-LMS\application\views/pages/en/notfound.php
ERROR - 2024-05-07 08:48:12 --> {controllers/pages/view} Not found=C:\xampp\htdocs\SKG-LMS\application\views/pages/en/notfound.php
ERROR - 2024-05-07 08:48:12 --> {controllers/pages/view} Not found=C:\xampp\htdocs\SKG-LMS\application\views/pages/en/notfound.php
ERROR - 2024-05-07 08:48:12 --> {controllers/pages/view} Not found=C:\xampp\htdocs\SKG-LMS\application\views/pages/en/notfound.php
ERROR - 2024-05-07 08:48:12 --> {controllers/pages/view} Not found=C:\xampp\htdocs\SKG-LMS\application\views/pages/en/notfound.php
ERROR - 2024-05-07 08:48:12 --> {controllers/pages/view} Not found=C:\xampp\htdocs\SKG-LMS\application\views/pages/en/notfound.php
ERROR - 2024-05-07 08:48:13 --> {controllers/pages/view} Not found=C:\xampp\htdocs\SKG-LMS\application\views/pages/en/notfound.php
ERROR - 2024-05-07 08:48:13 --> {controllers/pages/view} Not found=C:\xampp\htdocs\SKG-LMS\application\views/pages/en/notfound.php
ERROR - 2024-05-07 08:48:13 --> {controllers/pages/view} Not found=C:\xampp\htdocs\SKG-LMS\application\views/pages/en/notfound.php
ERROR - 2024-05-07 08:48:13 --> {controllers/pages/view} Not found=C:\xampp\htdocs\SKG-LMS\application\views/pages/en/notfound.php
ERROR - 2024-05-07 08:48:13 --> {controllers/pages/view} Not found=C:\xampp\htdocs\SKG-LMS\application\views/pages/en/notfound.php
ERROR - 2024-05-07 08:48:13 --> {controllers/pages/view} Not found=C:\xampp\htdocs\SKG-LMS\application\views/pages/en/notfound.php
ERROR - 2024-05-07 08:48:13 --> {controllers/pages/view} Not found=C:\xampp\htdocs\SKG-LMS\application\views/pages/en/notfound.php
ERROR - 2024-05-07 08:48:35 --> {controllers/pages/view} Not found=C:\xampp\htdocs\SKG-LMS\application\views/pages/en/style.css.php
ERROR - 2024-05-07 08:48:35 --> {controllers/pages/view} Not found=C:\xampp\htdocs\SKG-LMS\application\views/pages/en/notfound.php
ERROR - 2024-05-07 08:48:35 --> {controllers/pages/view} Not found=C:\xampp\htdocs\SKG-LMS\application\views/pages/en/notfound.php
ERROR - 2024-05-07 08:48:35 --> {controllers/pages/view} Not found=C:\xampp\htdocs\SKG-LMS\application\views/pages/en/notfound.php
ERROR - 2024-05-07 08:48:35 --> {controllers/pages/view} Not found=C:\xampp\htdocs\SKG-LMS\application\views/pages/en/notfound.php
ERROR - 2024-05-07 08:48:35 --> {controllers/pages/view} Not found=C:\xampp\htdocs\SKG-LMS\application\views/pages/en/notfound.php
ERROR - 2024-05-07 08:48:35 --> {controllers/pages/view} Not found=C:\xampp\htdocs\SKG-LMS\application\views/pages/en/notfound.php
ERROR - 2024-05-07 08:48:35 --> {controllers/pages/view} Not found=C:\xampp\htdocs\SKG-LMS\application\views/pages/en/notfound.php
ERROR - 2024-05-07 08:48:35 --> {controllers/pages/view} Not found=C:\xampp\htdocs\SKG-LMS\application\views/pages/en/notfound.php
ERROR - 2024-05-07 08:48:35 --> {controllers/pages/view} Not found=C:\xampp\htdocs\SKG-LMS\application\views/pages/en/notfound.php
ERROR - 2024-05-07 08:48:35 --> {controllers/pages/view} Not found=C:\xampp\htdocs\SKG-LMS\application\views/pages/en/notfound.php
ERROR - 2024-05-07 08:48:35 --> {controllers/pages/view} Not found=C:\xampp\htdocs\SKG-LMS\application\views/pages/en/notfound.php
ERROR - 2024-05-07 08:48:35 --> {controllers/pages/view} Not found=C:\xampp\htdocs\SKG-LMS\application\views/pages/en/notfound.php
ERROR - 2024-05-07 08:48:35 --> {controllers/pages/view} Not found=C:\xampp\htdocs\SKG-LMS\application\views/pages/en/notfound.php
ERROR - 2024-05-07 08:48:35 --> {controllers/pages/view} Not found=C:\xampp\htdocs\SKG-LMS\application\views/pages/en/notfound.php
ERROR - 2024-05-07 08:48:35 --> {controllers/pages/view} Not found=C:\xampp\htdocs\SKG-LMS\application\views/pages/en/notfound.php
ERROR - 2024-05-07 08:48:35 --> {controllers/pages/view} Not found=C:\xampp\htdocs\SKG-LMS\application\views/pages/en/notfound.php
ERROR - 2024-05-07 08:48:36 --> {controllers/pages/view} Not found=C:\xampp\htdocs\SKG-LMS\application\views/pages/en/notfound.php
ERROR - 2024-05-07 08:48:36 --> {controllers/pages/view} Not found=C:\xampp\htdocs\SKG-LMS\application\views/pages/en/notfound.php
ERROR - 2024-05-07 08:48:36 --> {controllers/pages/view} Not found=C:\xampp\htdocs\SKG-LMS\application\views/pages/en/notfound.php
ERROR - 2024-05-07 08:48:36 --> {controllers/pages/view} Not found=C:\xampp\htdocs\SKG-LMS\application\views/pages/en/notfound.php
ERROR - 2024-05-07 08:48:48 --> {controllers/pages/view} Not found=C:\xampp\htdocs\SKG-LMS\application\views/pages/en/style.css.php
ERROR - 2024-05-07 08:48:48 --> {controllers/pages/view} Not found=C:\xampp\htdocs\SKG-LMS\application\views/pages/en/notfound.php
ERROR - 2024-05-07 08:48:48 --> {controllers/pages/view} Not found=C:\xampp\htdocs\SKG-LMS\application\views/pages/en/notfound.php
ERROR - 2024-05-07 08:48:48 --> {controllers/pages/view} Not found=C:\xampp\htdocs\SKG-LMS\application\views/pages/en/notfound.php
ERROR - 2024-05-07 08:48:48 --> {controllers/pages/view} Not found=C:\xampp\htdocs\SKG-LMS\application\views/pages/en/notfound.php
ERROR - 2024-05-07 08:48:48 --> {controllers/pages/view} Not found=C:\xampp\htdocs\SKG-LMS\application\views/pages/en/notfound.php
ERROR - 2024-05-07 08:48:48 --> {controllers/pages/view} Not found=C:\xampp\htdocs\SKG-LMS\application\views/pages/en/notfound.php
ERROR - 2024-05-07 08:48:48 --> {controllers/pages/view} Not found=C:\xampp\htdocs\SKG-LMS\application\views/pages/en/notfound.php
ERROR - 2024-05-07 08:48:48 --> {controllers/pages/view} Not found=C:\xampp\htdocs\SKG-LMS\application\views/pages/en/notfound.php
ERROR - 2024-05-07 08:48:48 --> {controllers/pages/view} Not found=C:\xampp\htdocs\SKG-LMS\application\views/pages/en/notfound.php
ERROR - 2024-05-07 08:48:48 --> {controllers/pages/view} Not found=C:\xampp\htdocs\SKG-LMS\application\views/pages/en/notfound.php
ERROR - 2024-05-07 08:48:48 --> {controllers/pages/view} Not found=C:\xampp\htdocs\SKG-LMS\application\views/pages/en/notfound.php
ERROR - 2024-05-07 08:48:48 --> {controllers/pages/view} Not found=C:\xampp\htdocs\SKG-LMS\application\views/pages/en/notfound.php
ERROR - 2024-05-07 08:48:48 --> {controllers/pages/view} Not found=C:\xampp\htdocs\SKG-LMS\application\views/pages/en/notfound.php
ERROR - 2024-05-07 08:48:48 --> {controllers/pages/view} Not found=C:\xampp\htdocs\SKG-LMS\application\views/pages/en/notfound.php
ERROR - 2024-05-07 08:48:48 --> {controllers/pages/view} Not found=C:\xampp\htdocs\SKG-LMS\application\views/pages/en/notfound.php
ERROR - 2024-05-07 08:48:49 --> {controllers/pages/view} Not found=C:\xampp\htdocs\SKG-LMS\application\views/pages/en/notfound.php
ERROR - 2024-05-07 08:48:49 --> {controllers/pages/view} Not found=C:\xampp\htdocs\SKG-LMS\application\views/pages/en/notfound.php
ERROR - 2024-05-07 08:48:49 --> {controllers/pages/view} Not found=C:\xampp\htdocs\SKG-LMS\application\views/pages/en/notfound.php
ERROR - 2024-05-07 08:48:49 --> {controllers/pages/view} Not found=C:\xampp\htdocs\SKG-LMS\application\views/pages/en/notfound.php
ERROR - 2024-05-07 08:48:49 --> {controllers/pages/view} Not found=C:\xampp\htdocs\SKG-LMS\application\views/pages/en/notfound.php
ERROR - 2024-05-07 08:48:52 --> Severity: Warning --> Trying to access array offset on value of type null C:\xampp\htdocs\SKG-LMS\application\controllers\Leaves.php 861
ERROR - 2024-05-07 08:48:59 --> {controllers/pages/view} Not found=C:\xampp\htdocs\SKG-LMS\application\views/pages/en/style.css.php
ERROR - 2024-05-07 08:48:59 --> {controllers/pages/view} Not found=C:\xampp\htdocs\SKG-LMS\application\views/pages/en/notfound.php
ERROR - 2024-05-07 08:48:59 --> {controllers/pages/view} Not found=C:\xampp\htdocs\SKG-LMS\application\views/pages/en/notfound.php
ERROR - 2024-05-07 08:48:59 --> {controllers/pages/view} Not found=C:\xampp\htdocs\SKG-LMS\application\views/pages/en/notfound.php
ERROR - 2024-05-07 08:48:59 --> {controllers/pages/view} Not found=C:\xampp\htdocs\SKG-LMS\application\views/pages/en/notfound.php
ERROR - 2024-05-07 08:48:59 --> {controllers/pages/view} Not found=C:\xampp\htdocs\SKG-LMS\application\views/pages/en/notfound.php
ERROR - 2024-05-07 08:48:59 --> {controllers/pages/view} Not found=C:\xampp\htdocs\SKG-LMS\application\views/pages/en/notfound.php
ERROR - 2024-05-07 08:48:59 --> {controllers/pages/view} Not found=C:\xampp\htdocs\SKG-LMS\application\views/pages/en/notfound.php
ERROR - 2024-05-07 08:49:00 --> {controllers/pages/view} Not found=C:\xampp\htdocs\SKG-LMS\application\views/pages/en/notfound.php
ERROR - 2024-05-07 08:49:00 --> {controllers/pages/view} Not found=C:\xampp\htdocs\SKG-LMS\application\views/pages/en/notfound.php
ERROR - 2024-05-07 08:49:00 --> {controllers/pages/view} Not found=C:\xampp\htdocs\SKG-LMS\application\views/pages/en/notfound.php
ERROR - 2024-05-07 08:49:00 --> {controllers/pages/view} Not found=C:\xampp\htdocs\SKG-LMS\application\views/pages/en/notfound.php
ERROR - 2024-05-07 08:49:00 --> {controllers/pages/view} Not found=C:\xampp\htdocs\SKG-LMS\application\views/pages/en/notfound.php
ERROR - 2024-05-07 08:49:00 --> {controllers/pages/view} Not found=C:\xampp\htdocs\SKG-LMS\application\views/pages/en/notfound.php
ERROR - 2024-05-07 08:49:00 --> {controllers/pages/view} Not found=C:\xampp\htdocs\SKG-LMS\application\views/pages/en/notfound.php
ERROR - 2024-05-07 08:49:00 --> {controllers/pages/view} Not found=C:\xampp\htdocs\SKG-LMS\application\views/pages/en/notfound.php
ERROR - 2024-05-07 08:49:00 --> {controllers/pages/view} Not found=C:\xampp\htdocs\SKG-LMS\application\views/pages/en/notfound.php
ERROR - 2024-05-07 08:49:00 --> {controllers/pages/view} Not found=C:\xampp\htdocs\SKG-LMS\application\views/pages/en/notfound.php
ERROR - 2024-05-07 08:49:00 --> {controllers/pages/view} Not found=C:\xampp\htdocs\SKG-LMS\application\views/pages/en/notfound.php
ERROR - 2024-05-07 08:49:00 --> {controllers/pages/view} Not found=C:\xampp\htdocs\SKG-LMS\application\views/pages/en/notfound.php
ERROR - 2024-05-07 08:49:00 --> {controllers/pages/view} Not found=C:\xampp\htdocs\SKG-LMS\application\views/pages/en/notfound.php
ERROR - 2024-05-07 08:50:06 --> {controllers/pages/view} Not found=C:\xampp\htdocs\SKG-LMS\application\views/pages/en/style.css.php
ERROR - 2024-05-07 08:50:06 --> {controllers/pages/view} Not found=C:\xampp\htdocs\SKG-LMS\application\views/pages/en/notfound.php
ERROR - 2024-05-07 08:50:06 --> {controllers/pages/view} Not found=C:\xampp\htdocs\SKG-LMS\application\views/pages/en/notfound.php
ERROR - 2024-05-07 08:50:06 --> {controllers/pages/view} Not found=C:\xampp\htdocs\SKG-LMS\application\views/pages/en/notfound.php
ERROR - 2024-05-07 08:50:06 --> {controllers/pages/view} Not found=C:\xampp\htdocs\SKG-LMS\application\views/pages/en/notfound.php
ERROR - 2024-05-07 08:50:06 --> {controllers/pages/view} Not found=C:\xampp\htdocs\SKG-LMS\application\views/pages/en/notfound.php
ERROR - 2024-05-07 08:50:06 --> {controllers/pages/view} Not found=C:\xampp\htdocs\SKG-LMS\application\views/pages/en/notfound.php
ERROR - 2024-05-07 08:50:06 --> {controllers/pages/view} Not found=C:\xampp\htdocs\SKG-LMS\application\views/pages/en/notfound.php
ERROR - 2024-05-07 08:50:06 --> {controllers/pages/view} Not found=C:\xampp\htdocs\SKG-LMS\application\views/pages/en/notfound.php
ERROR - 2024-05-07 08:50:06 --> {controllers/pages/view} Not found=C:\xampp\htdocs\SKG-LMS\application\views/pages/en/notfound.php
ERROR - 2024-05-07 08:50:06 --> {controllers/pages/view} Not found=C:\xampp\htdocs\SKG-LMS\application\views/pages/en/notfound.php
ERROR - 2024-05-07 08:50:06 --> {controllers/pages/view} Not found=C:\xampp\htdocs\SKG-LMS\application\views/pages/en/notfound.php
ERROR - 2024-05-07 08:50:06 --> {controllers/pages/view} Not found=C:\xampp\htdocs\SKG-LMS\application\views/pages/en/notfound.php
ERROR - 2024-05-07 08:50:06 --> {controllers/pages/view} Not found=C:\xampp\htdocs\SKG-LMS\application\views/pages/en/notfound.php
ERROR - 2024-05-07 08:50:06 --> {controllers/pages/view} Not found=C:\xampp\htdocs\SKG-LMS\application\views/pages/en/notfound.php
ERROR - 2024-05-07 08:50:07 --> {controllers/pages/view} Not found=C:\xampp\htdocs\SKG-LMS\application\views/pages/en/notfound.php
ERROR - 2024-05-07 08:50:07 --> {controllers/pages/view} Not found=C:\xampp\htdocs\SKG-LMS\application\views/pages/en/notfound.php
ERROR - 2024-05-07 08:50:07 --> {controllers/pages/view} Not found=C:\xampp\htdocs\SKG-LMS\application\views/pages/en/notfound.php
ERROR - 2024-05-07 08:50:07 --> {controllers/pages/view} Not found=C:\xampp\htdocs\SKG-LMS\application\views/pages/en/notfound.php
ERROR - 2024-05-07 08:50:07 --> {controllers/pages/view} Not found=C:\xampp\htdocs\SKG-LMS\application\views/pages/en/notfound.php
ERROR - 2024-05-07 08:50:07 --> {controllers/pages/view} Not found=C:\xampp\htdocs\SKG-LMS\application\views/pages/en/notfound.php
ERROR - 2024-05-07 08:50:11 --> Severity: Warning --> Trying to access array offset on value of type null C:\xampp\htdocs\SKG-LMS\application\controllers\Leaves.php 861
ERROR - 2024-05-07 08:50:17 --> {controllers/pages/view} Not found=C:\xampp\htdocs\SKG-LMS\application\views/pages/en/style.css.php
ERROR - 2024-05-07 08:50:17 --> {controllers/pages/view} Not found=C:\xampp\htdocs\SKG-LMS\application\views/pages/en/notfound.php
ERROR - 2024-05-07 08:50:17 --> {controllers/pages/view} Not found=C:\xampp\htdocs\SKG-LMS\application\views/pages/en/notfound.php
ERROR - 2024-05-07 08:50:17 --> {controllers/pages/view} Not found=C:\xampp\htdocs\SKG-LMS\application\views/pages/en/notfound.php
ERROR - 2024-05-07 08:50:17 --> {controllers/pages/view} Not found=C:\xampp\htdocs\SKG-LMS\application\views/pages/en/notfound.php
ERROR - 2024-05-07 08:50:17 --> {controllers/pages/view} Not found=C:\xampp\htdocs\SKG-LMS\application\views/pages/en/notfound.php
ERROR - 2024-05-07 08:50:17 --> {controllers/pages/view} Not found=C:\xampp\htdocs\SKG-LMS\application\views/pages/en/notfound.php
ERROR - 2024-05-07 08:50:17 --> {controllers/pages/view} Not found=C:\xampp\htdocs\SKG-LMS\application\views/pages/en/notfound.php
ERROR - 2024-05-07 08:50:17 --> {controllers/pages/view} Not found=C:\xampp\htdocs\SKG-LMS\application\views/pages/en/notfound.php
ERROR - 2024-05-07 08:50:18 --> {controllers/pages/view} Not found=C:\xampp\htdocs\SKG-LMS\application\views/pages/en/notfound.php
ERROR - 2024-05-07 08:50:18 --> {controllers/pages/view} Not found=C:\xampp\htdocs\SKG-LMS\application\views/pages/en/notfound.php
ERROR - 2024-05-07 08:50:18 --> {controllers/pages/view} Not found=C:\xampp\htdocs\SKG-LMS\application\views/pages/en/notfound.php
ERROR - 2024-05-07 08:50:18 --> {controllers/pages/view} Not found=C:\xampp\htdocs\SKG-LMS\application\views/pages/en/notfound.php
ERROR - 2024-05-07 08:50:18 --> {controllers/pages/view} Not found=C:\xampp\htdocs\SKG-LMS\application\views/pages/en/notfound.php
ERROR - 2024-05-07 08:50:18 --> {controllers/pages/view} Not found=C:\xampp\htdocs\SKG-LMS\application\views/pages/en/notfound.php
ERROR - 2024-05-07 08:50:18 --> {controllers/pages/view} Not found=C:\xampp\htdocs\SKG-LMS\application\views/pages/en/notfound.php
ERROR - 2024-05-07 08:50:18 --> {controllers/pages/view} Not found=C:\xampp\htdocs\SKG-LMS\application\views/pages/en/notfound.php
ERROR - 2024-05-07 08:50:18 --> {controllers/pages/view} Not found=C:\xampp\htdocs\SKG-LMS\application\views/pages/en/notfound.php
ERROR - 2024-05-07 08:50:18 --> {controllers/pages/view} Not found=C:\xampp\htdocs\SKG-LMS\application\views/pages/en/notfound.php
ERROR - 2024-05-07 08:50:18 --> {controllers/pages/view} Not found=C:\xampp\htdocs\SKG-LMS\application\views/pages/en/notfound.php
ERROR - 2024-05-07 08:50:18 --> {controllers/pages/view} Not found=C:\xampp\htdocs\SKG-LMS\application\views/pages/en/notfound.php
ERROR - 2024-05-07 08:50:32 --> {controllers/pages/view} Not found=C:\xampp\htdocs\SKG-LMS\application\views/pages/en/style.css.php
ERROR - 2024-05-07 08:50:32 --> {controllers/pages/view} Not found=C:\xampp\htdocs\SKG-LMS\application\views/pages/en/notfound.php
ERROR - 2024-05-07 08:50:32 --> {controllers/pages/view} Not found=C:\xampp\htdocs\SKG-LMS\application\views/pages/en/notfound.php
ERROR - 2024-05-07 08:50:33 --> {controllers/pages/view} Not found=C:\xampp\htdocs\SKG-LMS\application\views/pages/en/notfound.php
ERROR - 2024-05-07 08:50:33 --> {controllers/pages/view} Not found=C:\xampp\htdocs\SKG-LMS\application\views/pages/en/notfound.php
ERROR - 2024-05-07 08:50:33 --> {controllers/pages/view} Not found=C:\xampp\htdocs\SKG-LMS\application\views/pages/en/notfound.php
ERROR - 2024-05-07 08:50:33 --> {controllers/pages/view} Not found=C:\xampp\htdocs\SKG-LMS\application\views/pages/en/notfound.php
ERROR - 2024-05-07 08:50:33 --> {controllers/pages/view} Not found=C:\xampp\htdocs\SKG-LMS\application\views/pages/en/notfound.php
ERROR - 2024-05-07 08:50:33 --> {controllers/pages/view} Not found=C:\xampp\htdocs\SKG-LMS\application\views/pages/en/notfound.php
ERROR - 2024-05-07 08:50:33 --> {controllers/pages/view} Not found=C:\xampp\htdocs\SKG-LMS\application\views/pages/en/notfound.php
ERROR - 2024-05-07 08:50:33 --> {controllers/pages/view} Not found=C:\xampp\htdocs\SKG-LMS\application\views/pages/en/notfound.php
ERROR - 2024-05-07 08:50:33 --> {controllers/pages/view} Not found=C:\xampp\htdocs\SKG-LMS\application\views/pages/en/notfound.php
ERROR - 2024-05-07 08:50:33 --> {controllers/pages/view} Not found=C:\xampp\htdocs\SKG-LMS\application\views/pages/en/notfound.php
ERROR - 2024-05-07 08:50:33 --> {controllers/pages/view} Not found=C:\xampp\htdocs\SKG-LMS\application\views/pages/en/notfound.php
ERROR - 2024-05-07 08:50:33 --> {controllers/pages/view} Not found=C:\xampp\htdocs\SKG-LMS\application\views/pages/en/notfound.php
ERROR - 2024-05-07 08:50:33 --> {controllers/pages/view} Not found=C:\xampp\htdocs\SKG-LMS\application\views/pages/en/notfound.php
ERROR - 2024-05-07 08:50:33 --> {controllers/pages/view} Not found=C:\xampp\htdocs\SKG-LMS\application\views/pages/en/notfound.php
ERROR - 2024-05-07 08:50:33 --> {controllers/pages/view} Not found=C:\xampp\htdocs\SKG-LMS\application\views/pages/en/notfound.php
ERROR - 2024-05-07 08:50:33 --> {controllers/pages/view} Not found=C:\xampp\htdocs\SKG-LMS\application\views/pages/en/notfound.php
ERROR - 2024-05-07 08:50:33 --> {controllers/pages/view} Not found=C:\xampp\htdocs\SKG-LMS\application\views/pages/en/notfound.php
ERROR - 2024-05-07 08:50:34 --> {controllers/pages/view} Not found=C:\xampp\htdocs\SKG-LMS\application\views/pages/en/notfound.php
ERROR - 2024-05-07 08:50:36 --> Severity: Warning --> Trying to access array offset on value of type null C:\xampp\htdocs\SKG-LMS\application\controllers\Leaves.php 861
ERROR - 2024-05-07 08:50:42 --> {controllers/pages/view} Not found=C:\xampp\htdocs\SKG-LMS\application\views/pages/en/style.css.php
ERROR - 2024-05-07 08:50:42 --> {controllers/pages/view} Not found=C:\xampp\htdocs\SKG-LMS\application\views/pages/en/notfound.php
ERROR - 2024-05-07 08:50:42 --> {controllers/pages/view} Not found=C:\xampp\htdocs\SKG-LMS\application\views/pages/en/notfound.php
ERROR - 2024-05-07 08:50:42 --> {controllers/pages/view} Not found=C:\xampp\htdocs\SKG-LMS\application\views/pages/en/notfound.php
ERROR - 2024-05-07 08:50:42 --> {controllers/pages/view} Not found=C:\xampp\htdocs\SKG-LMS\application\views/pages/en/notfound.php
ERROR - 2024-05-07 08:50:42 --> {controllers/pages/view} Not found=C:\xampp\htdocs\SKG-LMS\application\views/pages/en/notfound.php
ERROR - 2024-05-07 08:50:42 --> {controllers/pages/view} Not found=C:\xampp\htdocs\SKG-LMS\application\views/pages/en/notfound.php
ERROR - 2024-05-07 08:50:42 --> {controllers/pages/view} Not found=C:\xampp\htdocs\SKG-LMS\application\views/pages/en/notfound.php
ERROR - 2024-05-07 08:50:42 --> {controllers/pages/view} Not found=C:\xampp\htdocs\SKG-LMS\application\views/pages/en/notfound.php
ERROR - 2024-05-07 08:50:42 --> {controllers/pages/view} Not found=C:\xampp\htdocs\SKG-LMS\application\views/pages/en/notfound.php
ERROR - 2024-05-07 08:50:42 --> {controllers/pages/view} Not found=C:\xampp\htdocs\SKG-LMS\application\views/pages/en/notfound.php
ERROR - 2024-05-07 08:50:42 --> {controllers/pages/view} Not found=C:\xampp\htdocs\SKG-LMS\application\views/pages/en/notfound.php
ERROR - 2024-05-07 08:50:42 --> {controllers/pages/view} Not found=C:\xampp\htdocs\SKG-LMS\application\views/pages/en/notfound.php
ERROR - 2024-05-07 08:50:42 --> {controllers/pages/view} Not found=C:\xampp\htdocs\SKG-LMS\application\views/pages/en/notfound.php
ERROR - 2024-05-07 08:50:42 --> {controllers/pages/view} Not found=C:\xampp\htdocs\SKG-LMS\application\views/pages/en/notfound.php
ERROR - 2024-05-07 08:50:43 --> {controllers/pages/view} Not found=C:\xampp\htdocs\SKG-LMS\application\views/pages/en/notfound.php
ERROR - 2024-05-07 08:50:43 --> {controllers/pages/view} Not found=C:\xampp\htdocs\SKG-LMS\application\views/pages/en/notfound.php
ERROR - 2024-05-07 08:50:43 --> {controllers/pages/view} Not found=C:\xampp\htdocs\SKG-LMS\application\views/pages/en/notfound.php
ERROR - 2024-05-07 08:50:43 --> {controllers/pages/view} Not found=C:\xampp\htdocs\SKG-LMS\application\views/pages/en/notfound.php
ERROR - 2024-05-07 08:50:43 --> {controllers/pages/view} Not found=C:\xampp\htdocs\SKG-LMS\application\views/pages/en/notfound.php
ERROR - 2024-05-07 08:50:43 --> {controllers/pages/view} Not found=C:\xampp\htdocs\SKG-LMS\application\views/pages/en/notfound.php
ERROR - 2024-05-07 08:51:02 --> {controllers/pages/view} Not found=C:\xampp\htdocs\SKG-LMS\application\views/pages/en/style.css.php
ERROR - 2024-05-07 08:51:02 --> {controllers/pages/view} Not found=C:\xampp\htdocs\SKG-LMS\application\views/pages/en/notfound.php
ERROR - 2024-05-07 08:51:02 --> {controllers/pages/view} Not found=C:\xampp\htdocs\SKG-LMS\application\views/pages/en/notfound.php
ERROR - 2024-05-07 08:51:02 --> {controllers/pages/view} Not found=C:\xampp\htdocs\SKG-LMS\application\views/pages/en/notfound.php
ERROR - 2024-05-07 08:51:02 --> {controllers/pages/view} Not found=C:\xampp\htdocs\SKG-LMS\application\views/pages/en/notfound.php
ERROR - 2024-05-07 08:51:02 --> {controllers/pages/view} Not found=C:\xampp\htdocs\SKG-LMS\application\views/pages/en/notfound.php
ERROR - 2024-05-07 08:51:02 --> {controllers/pages/view} Not found=C:\xampp\htdocs\SKG-LMS\application\views/pages/en/notfound.php
ERROR - 2024-05-07 08:51:02 --> {controllers/pages/view} Not found=C:\xampp\htdocs\SKG-LMS\application\views/pages/en/notfound.php
ERROR - 2024-05-07 08:51:02 --> {controllers/pages/view} Not found=C:\xampp\htdocs\SKG-LMS\application\views/pages/en/notfound.php
ERROR - 2024-05-07 08:51:02 --> {controllers/pages/view} Not found=C:\xampp\htdocs\SKG-LMS\application\views/pages/en/notfound.php
ERROR - 2024-05-07 08:51:02 --> {controllers/pages/view} Not found=C:\xampp\htdocs\SKG-LMS\application\views/pages/en/notfound.php
ERROR - 2024-05-07 08:51:02 --> {controllers/pages/view} Not found=C:\xampp\htdocs\SKG-LMS\application\views/pages/en/notfound.php
ERROR - 2024-05-07 08:51:02 --> {controllers/pages/view} Not found=C:\xampp\htdocs\SKG-LMS\application\views/pages/en/notfound.php
ERROR - 2024-05-07 08:51:02 --> {controllers/pages/view} Not found=C:\xampp\htdocs\SKG-LMS\application\views/pages/en/notfound.php
ERROR - 2024-05-07 08:51:03 --> {controllers/pages/view} Not found=C:\xampp\htdocs\SKG-LMS\application\views/pages/en/notfound.php
ERROR - 2024-05-07 08:51:03 --> {controllers/pages/view} Not found=C:\xampp\htdocs\SKG-LMS\application\views/pages/en/notfound.php
ERROR - 2024-05-07 08:51:03 --> {controllers/pages/view} Not found=C:\xampp\htdocs\SKG-LMS\application\views/pages/en/notfound.php
ERROR - 2024-05-07 08:51:03 --> {controllers/pages/view} Not found=C:\xampp\htdocs\SKG-LMS\application\views/pages/en/notfound.php
ERROR - 2024-05-07 08:51:03 --> {controllers/pages/view} Not found=C:\xampp\htdocs\SKG-LMS\application\views/pages/en/notfound.php
ERROR - 2024-05-07 08:51:03 --> {controllers/pages/view} Not found=C:\xampp\htdocs\SKG-LMS\application\views/pages/en/notfound.php
ERROR - 2024-05-07 08:51:03 --> {controllers/pages/view} Not found=C:\xampp\htdocs\SKG-LMS\application\views/pages/en/notfound.php
ERROR - 2024-05-07 08:51:07 --> Severity: Warning --> Trying to access array offset on value of type null C:\xampp\htdocs\SKG-LMS\application\controllers\Leaves.php 861
ERROR - 2024-05-07 08:51:14 --> {controllers/pages/view} Not found=C:\xampp\htdocs\SKG-LMS\application\views/pages/en/style.css.php
ERROR - 2024-05-07 08:51:14 --> {controllers/pages/view} Not found=C:\xampp\htdocs\SKG-LMS\application\views/pages/en/notfound.php
ERROR - 2024-05-07 08:51:14 --> {controllers/pages/view} Not found=C:\xampp\htdocs\SKG-LMS\application\views/pages/en/notfound.php
ERROR - 2024-05-07 08:51:14 --> {controllers/pages/view} Not found=C:\xampp\htdocs\SKG-LMS\application\views/pages/en/notfound.php
ERROR - 2024-05-07 08:51:14 --> {controllers/pages/view} Not found=C:\xampp\htdocs\SKG-LMS\application\views/pages/en/notfound.php
ERROR - 2024-05-07 08:51:14 --> {controllers/pages/view} Not found=C:\xampp\htdocs\SKG-LMS\application\views/pages/en/notfound.php
ERROR - 2024-05-07 08:51:14 --> {controllers/pages/view} Not found=C:\xampp\htdocs\SKG-LMS\application\views/pages/en/notfound.php
ERROR - 2024-05-07 08:51:14 --> {controllers/pages/view} Not found=C:\xampp\htdocs\SKG-LMS\application\views/pages/en/notfound.php
ERROR - 2024-05-07 08:51:14 --> {controllers/pages/view} Not found=C:\xampp\htdocs\SKG-LMS\application\views/pages/en/notfound.php
ERROR - 2024-05-07 08:51:14 --> {controllers/pages/view} Not found=C:\xampp\htdocs\SKG-LMS\application\views/pages/en/notfound.php
ERROR - 2024-05-07 08:51:14 --> {controllers/pages/view} Not found=C:\xampp\htdocs\SKG-LMS\application\views/pages/en/notfound.php
ERROR - 2024-05-07 08:51:14 --> {controllers/pages/view} Not found=C:\xampp\htdocs\SKG-LMS\application\views/pages/en/notfound.php
ERROR - 2024-05-07 08:51:14 --> {controllers/pages/view} Not found=C:\xampp\htdocs\SKG-LMS\application\views/pages/en/notfound.php
ERROR - 2024-05-07 08:51:14 --> {controllers/pages/view} Not found=C:\xampp\htdocs\SKG-LMS\application\views/pages/en/notfound.php
ERROR - 2024-05-07 08:51:14 --> {controllers/pages/view} Not found=C:\xampp\htdocs\SKG-LMS\application\views/pages/en/notfound.php
ERROR - 2024-05-07 08:51:15 --> {controllers/pages/view} Not found=C:\xampp\htdocs\SKG-LMS\application\views/pages/en/notfound.php
ERROR - 2024-05-07 08:51:15 --> {controllers/pages/view} Not found=C:\xampp\htdocs\SKG-LMS\application\views/pages/en/notfound.php
ERROR - 2024-05-07 08:51:15 --> {controllers/pages/view} Not found=C:\xampp\htdocs\SKG-LMS\application\views/pages/en/notfound.php
ERROR - 2024-05-07 08:51:15 --> {controllers/pages/view} Not found=C:\xampp\htdocs\SKG-LMS\application\views/pages/en/notfound.php
ERROR - 2024-05-07 08:51:15 --> {controllers/pages/view} Not found=C:\xampp\htdocs\SKG-LMS\application\views/pages/en/notfound.php
ERROR - 2024-05-07 08:51:15 --> {controllers/pages/view} Not found=C:\xampp\htdocs\SKG-LMS\application\views/pages/en/notfound.php
ERROR - 2024-05-07 08:51:24 --> {controllers/pages/view} Not found=C:\xampp\htdocs\SKG-LMS\application\views/pages/en/style.css.php
ERROR - 2024-05-07 08:51:24 --> {controllers/pages/view} Not found=C:\xampp\htdocs\SKG-LMS\application\views/pages/en/notfound.php
ERROR - 2024-05-07 08:51:24 --> {controllers/pages/view} Not found=C:\xampp\htdocs\SKG-LMS\application\views/pages/en/notfound.php
ERROR - 2024-05-07 08:51:24 --> {controllers/pages/view} Not found=C:\xampp\htdocs\SKG-LMS\application\views/pages/en/notfound.php
ERROR - 2024-05-07 08:51:24 --> {controllers/pages/view} Not found=C:\xampp\htdocs\SKG-LMS\application\views/pages/en/notfound.php
ERROR - 2024-05-07 08:51:24 --> {controllers/pages/view} Not found=C:\xampp\htdocs\SKG-LMS\application\views/pages/en/notfound.php
ERROR - 2024-05-07 08:51:24 --> {controllers/pages/view} Not found=C:\xampp\htdocs\SKG-LMS\application\views/pages/en/notfound.php
ERROR - 2024-05-07 08:51:24 --> {controllers/pages/view} Not found=C:\xampp\htdocs\SKG-LMS\application\views/pages/en/notfound.php
ERROR - 2024-05-07 08:51:24 --> {controllers/pages/view} Not found=C:\xampp\htdocs\SKG-LMS\application\views/pages/en/notfound.php
ERROR - 2024-05-07 08:51:24 --> {controllers/pages/view} Not found=C:\xampp\htdocs\SKG-LMS\application\views/pages/en/notfound.php
ERROR - 2024-05-07 08:51:24 --> {controllers/pages/view} Not found=C:\xampp\htdocs\SKG-LMS\application\views/pages/en/notfound.php
ERROR - 2024-05-07 08:51:24 --> {controllers/pages/view} Not found=C:\xampp\htdocs\SKG-LMS\application\views/pages/en/notfound.php
ERROR - 2024-05-07 08:51:24 --> {controllers/pages/view} Not found=C:\xampp\htdocs\SKG-LMS\application\views/pages/en/notfound.php
ERROR - 2024-05-07 08:51:24 --> {controllers/pages/view} Not found=C:\xampp\htdocs\SKG-LMS\application\views/pages/en/notfound.php
ERROR - 2024-05-07 08:51:24 --> {controllers/pages/view} Not found=C:\xampp\htdocs\SKG-LMS\application\views/pages/en/notfound.php
ERROR - 2024-05-07 08:51:24 --> {controllers/pages/view} Not found=C:\xampp\htdocs\SKG-LMS\application\views/pages/en/notfound.php
ERROR - 2024-05-07 08:51:24 --> {controllers/pages/view} Not found=C:\xampp\htdocs\SKG-LMS\application\views/pages/en/notfound.php
ERROR - 2024-05-07 08:51:25 --> {controllers/pages/view} Not found=C:\xampp\htdocs\SKG-LMS\application\views/pages/en/notfound.php
ERROR - 2024-05-07 08:51:25 --> {controllers/pages/view} Not found=C:\xampp\htdocs\SKG-LMS\application\views/pages/en/notfound.php
ERROR - 2024-05-07 08:51:25 --> {controllers/pages/view} Not found=C:\xampp\htdocs\SKG-LMS\application\views/pages/en/notfound.php
ERROR - 2024-05-07 08:51:25 --> {controllers/pages/view} Not found=C:\xampp\htdocs\SKG-LMS\application\views/pages/en/notfound.php
ERROR - 2024-05-07 08:51:28 --> Severity: Warning --> Trying to access array offset on value of type null C:\xampp\htdocs\SKG-LMS\application\controllers\Leaves.php 861
ERROR - 2024-05-07 08:53:25 --> {controllers/pages/view} Not found=C:\xampp\htdocs\SKG-LMS\application\views/pages/en/style.css.php
ERROR - 2024-05-07 08:53:26 --> {controllers/pages/view} Not found=C:\xampp\htdocs\SKG-LMS\application\views/pages/en/notfound.php
ERROR - 2024-05-07 08:53:26 --> {controllers/pages/view} Not found=C:\xampp\htdocs\SKG-LMS\application\views/pages/en/notfound.php
ERROR - 2024-05-07 08:53:26 --> {controllers/pages/view} Not found=C:\xampp\htdocs\SKG-LMS\application\views/pages/en/notfound.php
ERROR - 2024-05-07 08:53:26 --> {controllers/pages/view} Not found=C:\xampp\htdocs\SKG-LMS\application\views/pages/en/notfound.php
ERROR - 2024-05-07 08:53:26 --> {controllers/pages/view} Not found=C:\xampp\htdocs\SKG-LMS\application\views/pages/en/notfound.php
ERROR - 2024-05-07 08:53:26 --> {controllers/pages/view} Not found=C:\xampp\htdocs\SKG-LMS\application\views/pages/en/notfound.php
ERROR - 2024-05-07 08:53:26 --> {controllers/pages/view} Not found=C:\xampp\htdocs\SKG-LMS\application\views/pages/en/notfound.php
ERROR - 2024-05-07 08:53:26 --> {controllers/pages/view} Not found=C:\xampp\htdocs\SKG-LMS\application\views/pages/en/notfound.php
ERROR - 2024-05-07 08:53:26 --> {controllers/pages/view} Not found=C:\xampp\htdocs\SKG-LMS\application\views/pages/en/notfound.php
ERROR - 2024-05-07 08:53:26 --> {controllers/pages/view} Not found=C:\xampp\htdocs\SKG-LMS\application\views/pages/en/notfound.php
ERROR - 2024-05-07 08:53:26 --> {controllers/pages/view} Not found=C:\xampp\htdocs\SKG-LMS\application\views/pages/en/notfound.php
ERROR - 2024-05-07 08:53:26 --> {controllers/pages/view} Not found=C:\xampp\htdocs\SKG-LMS\application\views/pages/en/notfound.php
ERROR - 2024-05-07 08:53:26 --> {controllers/pages/view} Not found=C:\xampp\htdocs\SKG-LMS\application\views/pages/en/notfound.php
ERROR - 2024-05-07 08:53:26 --> {controllers/pages/view} Not found=C:\xampp\htdocs\SKG-LMS\application\views/pages/en/notfound.php
ERROR - 2024-05-07 08:53:26 --> {controllers/pages/view} Not found=C:\xampp\htdocs\SKG-LMS\application\views/pages/en/notfound.php
ERROR - 2024-05-07 08:53:26 --> {controllers/pages/view} Not found=C:\xampp\htdocs\SKG-LMS\application\views/pages/en/notfound.php
ERROR - 2024-05-07 08:53:27 --> {controllers/pages/view} Not found=C:\xampp\htdocs\SKG-LMS\application\views/pages/en/notfound.php
ERROR - 2024-05-07 08:53:27 --> {controllers/pages/view} Not found=C:\xampp\htdocs\SKG-LMS\application\views/pages/en/notfound.php
ERROR - 2024-05-07 08:53:27 --> {controllers/pages/view} Not found=C:\xampp\htdocs\SKG-LMS\application\views/pages/en/notfound.php
ERROR - 2024-05-07 08:53:27 --> {controllers/pages/view} Not found=C:\xampp\htdocs\SKG-LMS\application\views/pages/en/notfound.php
ERROR - 2024-05-07 08:53:32 --> Severity: Warning --> Trying to access array offset on value of type null C:\xampp\htdocs\SKG-LMS\application\controllers\Leaves.php 861
ERROR - 2024-05-07 08:53:45 --> Severity: Warning --> Trying to access array offset on value of type null C:\xampp\htdocs\SKG-LMS\application\controllers\Leaves.php 861
ERROR - 2024-05-07 08:54:05 --> Severity: Warning --> Trying to access array offset on value of type null C:\xampp\htdocs\SKG-LMS\application\controllers\Leaves.php 861
ERROR - 2024-05-07 08:54:22 --> Severity: Warning --> Trying to access array offset on value of type null C:\xampp\htdocs\SKG-LMS\application\controllers\Leaves.php 861
ERROR - 2024-05-07 08:54:37 --> Severity: Warning --> Trying to access array offset on value of type null C:\xampp\htdocs\SKG-LMS\application\controllers\Leaves.php 861
ERROR - 2024-05-07 08:55:21 --> Severity: Warning --> Trying to access array offset on value of type null C:\xampp\htdocs\SKG-LMS\application\controllers\Leaves.php 861
ERROR - 2024-05-07 08:55:29 --> {controllers/pages/view} Not found=C:\xampp\htdocs\SKG-LMS\application\views/pages/en/style.css.php
ERROR - 2024-05-07 08:55:29 --> {controllers/pages/view} Not found=C:\xampp\htdocs\SKG-LMS\application\views/pages/en/notfound.php
ERROR - 2024-05-07 08:55:29 --> {controllers/pages/view} Not found=C:\xampp\htdocs\SKG-LMS\application\views/pages/en/notfound.php
ERROR - 2024-05-07 08:55:29 --> {controllers/pages/view} Not found=C:\xampp\htdocs\SKG-LMS\application\views/pages/en/notfound.php
ERROR - 2024-05-07 08:55:29 --> {controllers/pages/view} Not found=C:\xampp\htdocs\SKG-LMS\application\views/pages/en/notfound.php
ERROR - 2024-05-07 08:55:29 --> {controllers/pages/view} Not found=C:\xampp\htdocs\SKG-LMS\application\views/pages/en/notfound.php
ERROR - 2024-05-07 08:55:29 --> {controllers/pages/view} Not found=C:\xampp\htdocs\SKG-LMS\application\views/pages/en/notfound.php
ERROR - 2024-05-07 08:55:29 --> {controllers/pages/view} Not found=C:\xampp\htdocs\SKG-LMS\application\views/pages/en/notfound.php
ERROR - 2024-05-07 08:55:29 --> {controllers/pages/view} Not found=C:\xampp\htdocs\SKG-LMS\application\views/pages/en/notfound.php
ERROR - 2024-05-07 08:55:29 --> {controllers/pages/view} Not found=C:\xampp\htdocs\SKG-LMS\application\views/pages/en/notfound.php
ERROR - 2024-05-07 08:55:29 --> {controllers/pages/view} Not found=C:\xampp\htdocs\SKG-LMS\application\views/pages/en/notfound.php
ERROR - 2024-05-07 08:55:30 --> {controllers/pages/view} Not found=C:\xampp\htdocs\SKG-LMS\application\views/pages/en/notfound.php
ERROR - 2024-05-07 08:55:30 --> {controllers/pages/view} Not found=C:\xampp\htdocs\SKG-LMS\application\views/pages/en/notfound.php
ERROR - 2024-05-07 08:55:30 --> {controllers/pages/view} Not found=C:\xampp\htdocs\SKG-LMS\application\views/pages/en/notfound.php
ERROR - 2024-05-07 08:55:30 --> {controllers/pages/view} Not found=C:\xampp\htdocs\SKG-LMS\application\views/pages/en/notfound.php
ERROR - 2024-05-07 08:55:30 --> {controllers/pages/view} Not found=C:\xampp\htdocs\SKG-LMS\application\views/pages/en/notfound.php
ERROR - 2024-05-07 08:55:30 --> {controllers/pages/view} Not found=C:\xampp\htdocs\SKG-LMS\application\views/pages/en/notfound.php
ERROR - 2024-05-07 08:55:30 --> {controllers/pages/view} Not found=C:\xampp\htdocs\SKG-LMS\application\views/pages/en/notfound.php
ERROR - 2024-05-07 08:55:30 --> {controllers/pages/view} Not found=C:\xampp\htdocs\SKG-LMS\application\views/pages/en/notfound.php
ERROR - 2024-05-07 08:55:30 --> {controllers/pages/view} Not found=C:\xampp\htdocs\SKG-LMS\application\views/pages/en/notfound.php
ERROR - 2024-05-07 08:55:30 --> {controllers/pages/view} Not found=C:\xampp\htdocs\SKG-LMS\application\views/pages/en/notfound.php
ERROR - 2024-05-07 08:55:44 --> {controllers/pages/view} Not found=C:\xampp\htdocs\SKG-LMS\application\views/pages/en/style.css.php
ERROR - 2024-05-07 08:55:44 --> {controllers/pages/view} Not found=C:\xampp\htdocs\SKG-LMS\application\views/pages/en/notfound.php
ERROR - 2024-05-07 08:55:44 --> {controllers/pages/view} Not found=C:\xampp\htdocs\SKG-LMS\application\views/pages/en/notfound.php
ERROR - 2024-05-07 08:55:44 --> {controllers/pages/view} Not found=C:\xampp\htdocs\SKG-LMS\application\views/pages/en/notfound.php
ERROR - 2024-05-07 08:55:44 --> {controllers/pages/view} Not found=C:\xampp\htdocs\SKG-LMS\application\views/pages/en/notfound.php
ERROR - 2024-05-07 08:55:44 --> {controllers/pages/view} Not found=C:\xampp\htdocs\SKG-LMS\application\views/pages/en/notfound.php
ERROR - 2024-05-07 08:55:44 --> {controllers/pages/view} Not found=C:\xampp\htdocs\SKG-LMS\application\views/pages/en/notfound.php
ERROR - 2024-05-07 08:55:44 --> {controllers/pages/view} Not found=C:\xampp\htdocs\SKG-LMS\application\views/pages/en/notfound.php
ERROR - 2024-05-07 08:55:44 --> {controllers/pages/view} Not found=C:\xampp\htdocs\SKG-LMS\application\views/pages/en/notfound.php
ERROR - 2024-05-07 08:55:44 --> {controllers/pages/view} Not found=C:\xampp\htdocs\SKG-LMS\application\views/pages/en/notfound.php
ERROR - 2024-05-07 08:55:44 --> {controllers/pages/view} Not found=C:\xampp\htdocs\SKG-LMS\application\views/pages/en/notfound.php
ERROR - 2024-05-07 08:55:44 --> {controllers/pages/view} Not found=C:\xampp\htdocs\SKG-LMS\application\views/pages/en/notfound.php
ERROR - 2024-05-07 08:55:44 --> {controllers/pages/view} Not found=C:\xampp\htdocs\SKG-LMS\application\views/pages/en/notfound.php
ERROR - 2024-05-07 08:55:44 --> {controllers/pages/view} Not found=C:\xampp\htdocs\SKG-LMS\application\views/pages/en/notfound.php
ERROR - 2024-05-07 08:55:44 --> {controllers/pages/view} Not found=C:\xampp\htdocs\SKG-LMS\application\views/pages/en/notfound.php
ERROR - 2024-05-07 08:55:45 --> {controllers/pages/view} Not found=C:\xampp\htdocs\SKG-LMS\application\views/pages/en/notfound.php
ERROR - 2024-05-07 08:55:45 --> {controllers/pages/view} Not found=C:\xampp\htdocs\SKG-LMS\application\views/pages/en/notfound.php
ERROR - 2024-05-07 08:55:45 --> {controllers/pages/view} Not found=C:\xampp\htdocs\SKG-LMS\application\views/pages/en/notfound.php
ERROR - 2024-05-07 08:55:45 --> {controllers/pages/view} Not found=C:\xampp\htdocs\SKG-LMS\application\views/pages/en/notfound.php
ERROR - 2024-05-07 08:55:45 --> {controllers/pages/view} Not found=C:\xampp\htdocs\SKG-LMS\application\views/pages/en/notfound.php
ERROR - 2024-05-07 08:55:45 --> {controllers/pages/view} Not found=C:\xampp\htdocs\SKG-LMS\application\views/pages/en/notfound.php
ERROR - 2024-05-07 08:55:47 --> Severity: Warning --> Trying to access array offset on value of type null C:\xampp\htdocs\SKG-LMS\application\controllers\Leaves.php 861
ERROR - 2024-05-07 08:56:03 --> {controllers/pages/view} Not found=C:\xampp\htdocs\SKG-LMS\application\views/pages/en/style.css.php
ERROR - 2024-05-07 08:56:03 --> {controllers/pages/view} Not found=C:\xampp\htdocs\SKG-LMS\application\views/pages/en/notfound.php
ERROR - 2024-05-07 08:56:03 --> {controllers/pages/view} Not found=C:\xampp\htdocs\SKG-LMS\application\views/pages/en/notfound.php
ERROR - 2024-05-07 08:56:03 --> {controllers/pages/view} Not found=C:\xampp\htdocs\SKG-LMS\application\views/pages/en/notfound.php
ERROR - 2024-05-07 08:56:03 --> {controllers/pages/view} Not found=C:\xampp\htdocs\SKG-LMS\application\views/pages/en/notfound.php
ERROR - 2024-05-07 08:56:03 --> {controllers/pages/view} Not found=C:\xampp\htdocs\SKG-LMS\application\views/pages/en/notfound.php
ERROR - 2024-05-07 08:56:03 --> {controllers/pages/view} Not found=C:\xampp\htdocs\SKG-LMS\application\views/pages/en/notfound.php
ERROR - 2024-05-07 08:56:04 --> {controllers/pages/view} Not found=C:\xampp\htdocs\SKG-LMS\application\views/pages/en/notfound.php
ERROR - 2024-05-07 08:56:04 --> {controllers/pages/view} Not found=C:\xampp\htdocs\SKG-LMS\application\views/pages/en/notfound.php
ERROR - 2024-05-07 08:56:04 --> {controllers/pages/view} Not found=C:\xampp\htdocs\SKG-LMS\application\views/pages/en/notfound.php
ERROR - 2024-05-07 08:56:04 --> {controllers/pages/view} Not found=C:\xampp\htdocs\SKG-LMS\application\views/pages/en/notfound.php
ERROR - 2024-05-07 08:56:04 --> {controllers/pages/view} Not found=C:\xampp\htdocs\SKG-LMS\application\views/pages/en/notfound.php
ERROR - 2024-05-07 08:56:04 --> {controllers/pages/view} Not found=C:\xampp\htdocs\SKG-LMS\application\views/pages/en/notfound.php
ERROR - 2024-05-07 08:56:04 --> {controllers/pages/view} Not found=C:\xampp\htdocs\SKG-LMS\application\views/pages/en/notfound.php
ERROR - 2024-05-07 08:56:04 --> {controllers/pages/view} Not found=C:\xampp\htdocs\SKG-LMS\application\views/pages/en/notfound.php
ERROR - 2024-05-07 08:56:04 --> {controllers/pages/view} Not found=C:\xampp\htdocs\SKG-LMS\application\views/pages/en/notfound.php
ERROR - 2024-05-07 08:56:04 --> {controllers/pages/view} Not found=C:\xampp\htdocs\SKG-LMS\application\views/pages/en/notfound.php
ERROR - 2024-05-07 08:56:04 --> {controllers/pages/view} Not found=C:\xampp\htdocs\SKG-LMS\application\views/pages/en/notfound.php
ERROR - 2024-05-07 08:56:04 --> {controllers/pages/view} Not found=C:\xampp\htdocs\SKG-LMS\application\views/pages/en/notfound.php
ERROR - 2024-05-07 08:56:04 --> {controllers/pages/view} Not found=C:\xampp\htdocs\SKG-LMS\application\views/pages/en/notfound.php
ERROR - 2024-05-07 08:56:04 --> {controllers/pages/view} Not found=C:\xampp\htdocs\SKG-LMS\application\views/pages/en/notfound.php
ERROR - 2024-05-07 08:56:07 --> Severity: Warning --> Trying to access array offset on value of type null C:\xampp\htdocs\SKG-LMS\application\controllers\Leaves.php 861
ERROR - 2024-05-07 08:57:15 --> Severity: Warning --> Trying to access array offset on value of type null C:\xampp\htdocs\SKG-LMS\application\controllers\Leaves.php 861
